Info    2021-12-21 23:05:49  DevID:MV-CA016-10GC(00F49550054)  Source-Line:libMvCameraControl.so(CInterfaceManager.cpp-L0809)     Description:Current dynamic library path[/opt/RVC/lib/externals/libMvCameraControl.so]     Solution:
Info    2021-12-21 23:05:49  DevID:MV-CA016-10GC(00F49550054)  Source-Line:libMvCameraControl.so(CInterfaceManager.cpp-L0812)     Description:CamCtl_Version: 3.2.0.3     Solution:
Info    2021-12-21 23:05:49  DevID:MV-CA016-10GC(00F49550054)  Source-Line:libMvCameraControl.so(CInterfaceManager.cpp-L0813)     Description:CamCtl_Description: BaseLine Build 20210715     Solution:
Info    2021-12-21 23:05:49  DevID:MV-CA016-10GC(00F49550054)  Source-Line:libMvCameraControl.so(CInterfaceManager.cpp-L0815)     Description:[MV_CC_CreateHandle] return[0x0]     Solution:
Info    2021-12-21 23:05:49  DevID:MV-CA016-10GC(00F19179500)  Source-Line:libMvCameraControl.so(CInterfaceManager.cpp-L0809)     Description:Current dynamic library path[/opt/RVC/lib/externals/libMvCameraControl.so]     Solution:
Info    2021-12-21 23:05:49  DevID:MV-CA016-10GC(00F19179500)  Source-Line:libMvCameraControl.so(CInterfaceManager.cpp-L0812)     Description:CamCtl_Version: 3.2.0.3     Solution:
Info    2021-12-21 23:05:49  DevID:MV-CA016-10GC(00F19179500)  Source-Line:libMvCameraControl.so(CInterfaceManager.cpp-L0813)     Description:CamCtl_Description: BaseLine Build 20210715     Solution:
Info    2021-12-21 23:05:49  DevID:MV-CA016-10GC(00F19179500)  Source-Line:libMvCameraControl.so(CInterfaceManager.cpp-L0815)     Description:[MV_CC_CreateHandle] return[0x0]     Solution:
Info    2021-12-21 23:05:49  DevID:MV-CA016-10GC(00F49550054)  Source-Line:libMvCameraControl.so(CInterfaceManager.cpp-L6625)     Description:CamCtrl[0x3020003], GigE SDKVersion[0x3020003], DriverVersion[0x0]     Solution:
Info    2021-12-21 23:05:50  DevID:MV-CA016-10GC(00F49550054)  Source-Line:libMvCameraControl.so(CInterfaceManager.cpp-L4222)     Description:[MV_CC_InvalidateNodes] return[0x0]     Solution:
Info    2021-12-21 23:05:50  DevID:MV-CA016-10GC(00F49550054)  Source-Line:libMvCameraControl.so(CInterfaceManager.cpp-L1086)     Description:[MV_CC_OpenDevice] nPrivilegeMode[1], nSwitchoverKey[0], return[0x0]     Solution:
Info    2021-12-21 23:05:50  DevID:MV-CA016-10GC(00F49550054)  Source-Line:libMvCameraControl.so(CInterfaceManager.cpp-L5341)     Description:[MV_GIGE_SetResend] Enable[1], MaxResendPercent[100], ResendTimeout[50], return[0x0]     Solution:
Info    2021-12-21 23:05:50  DevID:MV-CA016-10GC(00F49550054)  Source-Line:libMvCameraControl.so(CInterfaceManager.cpp-L4819)     Description:[MV_CC_SetImageNodeNum] NodeNum[30], return[0x0]     Solution:
Info    2021-12-21 23:05:50  DevID:MV-CA016-10GC(00F49550054)  Source-Line:libMvCameraControl.so(CInterfaceManager.cpp-L8411)     Description:[MV_CC_SetBayerCvtQuality]Set Bayer CvtQuality success! BayerCvtQuality[2]     Solution:
Info    2021-12-21 23:05:50  DevID:MV-CA016-10GC(00F49550054)  Source-Line:libMvCameraControl.so(CInterfaceManager.cpp-L1657)     Description:[GEV]Width[1440], Height[1080], PixelFormat[0x1080009], PayloadSize[1555200], ChunkCount[0], CompressMode[0], DeviceUptime[                                                           83781]     Solution:
Info    2021-12-21 23:05:50  DevID:MV-CA016-10GC(00F49550054)  Source-Line:libMvCameraControl.so(CInterfaceManager.cpp-L1671)     Description:GigE, DeviceModelName[MV-CA016-10GC], DeviceFirmwareVersion[V3.2.0 210422,21033103], DeviceMaxThroughput[478515]     Solution:
Info    2021-12-21 23:05:50  DevID:MV-CA016-10GC(00F49550054)  Source-Line:libMvCameraControl.so(CInterfaceManager.cpp-L1676)     Description:GigE, Width[1440], Height[1080], OffsetX[0], OffsetY[0], PixelFormat[0x1080009], AcquisitionMode[2]     Solution:
Info    2021-12-21 23:05:50  DevID:MV-CA016-10GC(00F49550054)  Source-Line:libMvCameraControl.so(CInterfaceManager.cpp-L1682)     Description:GigE, TriggerMode[1], ResultingFrameRate[9.97], ExposureTime[100000.00], ExposureAuto[0], PayloadSize[1555200]     Solution:
Info    2021-12-21 23:05:50  DevID:MV-CA016-10GC(00F49550054)  Source-Line:libMvCameraControl.so(CInterfaceManager.cpp-L1687)     Description:GigE, GevLinkSpeed[1000], GevHeartbeatTimeout[5000], GevSCPSPacketSize[1500], GevSCPD[1410]     Solution:
Info    2021-12-21 23:05:50  DevID:MV-CA016-10GC(00F49550054)  Source-Line:libMvCameraControl.so(CInterfaceManager.cpp-L6253)     Description:CamCtrl RecvThread Start, ThreadId[690300672]     Solution:
Info    2021-12-21 23:05:50  DevID:MV-CA016-10GC(00F49550054)  Source-Line:libMvCameraControl.so(CInterfaceManager.cpp-L1792)     Description:There is no registration callback     Solution:
Info    2021-12-21 23:05:50  DevID:MV-CA016-10GC(00F49550054)  Source-Line:libMvCameraControl.so(CInterfaceManager.cpp-L6021)     Description:CamCtrl Display Thread Start, ThreadId[681907968]     Solution:
Info    2021-12-21 23:05:50  DevID:MV-CA016-10GC(00F49550054)  Source-Line:libMvCameraControl.so(CInterfaceManager.cpp-L1797)     Description:[MV_CC_StartGrabbing] return[0x0]     Solution:
Info    2021-12-21 23:05:50  DevID:MV-CA016-10GC(00F49550054)  Source-Line:libMvCameraControl.so(CInterfaceManager.cpp-L7941)     Description:[MV_CC_SetBayerGammaParam]Set Bayer Gamma success! GammaType[1]     Solution:
Info    2021-12-21 23:05:50  DevID:MV-CA016-10GC(00F19179500)  Source-Line:libMvCameraControl.so(CInterfaceManager.cpp-L6625)     Description:CamCtrl[0x3020003], GigE SDKVersion[0x3020003], DriverVersion[0x0]     Solution:
Info    2021-12-21 23:05:51  DevID:MV-CA016-10GC(00F19179500)  Source-Line:libMvCameraControl.so(CInterfaceManager.cpp-L4222)     Description:[MV_CC_InvalidateNodes] return[0x0]     Solution:
Info    2021-12-21 23:05:51  DevID:MV-CA016-10GC(00F19179500)  Source-Line:libMvCameraControl.so(CInterfaceManager.cpp-L1086)     Description:[MV_CC_OpenDevice] nPrivilegeMode[1], nSwitchoverKey[0], return[0x0]     Solution:
Info    2021-12-21 23:05:51  DevID:MV-CA016-10GC(00F19179500)  Source-Line:libMvCameraControl.so(CInterfaceManager.cpp-L5341)     Description:[MV_GIGE_SetResend] Enable[1], MaxResendPercent[100], ResendTimeout[50], return[0x0]     Solution:
Info    2021-12-21 23:05:51  DevID:MV-CA016-10GC(00F19179500)  Source-Line:libMvCameraControl.so(CInterfaceManager.cpp-L4819)     Description:[MV_CC_SetImageNodeNum] NodeNum[30], return[0x0]     Solution:
Info    2021-12-21 23:05:51  DevID:MV-CA016-10GC(00F19179500)  Source-Line:libMvCameraControl.so(CInterfaceManager.cpp-L8411)     Description:[MV_CC_SetBayerCvtQuality]Set Bayer CvtQuality success! BayerCvtQuality[2]     Solution:
Info    2021-12-21 23:05:51  DevID:MV-CA016-10GC(00F19179500)  Source-Line:libMvCameraControl.so(CInterfaceManager.cpp-L1657)     Description:[GEV]Width[1440], Height[1080], PixelFormat[0x1080009], PayloadSize[1555200], ChunkCount[0], CompressMode[0], DeviceUptime[                                                           83782]     Solution:
Info    2021-12-21 23:05:51  DevID:MV-CA016-10GC(00F19179500)  Source-Line:libMvCameraControl.so(CInterfaceManager.cpp-L1671)     Description:GigE, DeviceModelName[MV-CA016-10GC], DeviceFirmwareVersion[V3.2.0 210422,21033103], DeviceMaxThroughput[478515]     Solution:
Info    2021-12-21 23:05:51  DevID:MV-CA016-10GC(00F19179500)  Source-Line:libMvCameraControl.so(CInterfaceManager.cpp-L1676)     Description:GigE, Width[1440], Height[1080], OffsetX[0], OffsetY[0], PixelFormat[0x1080009], AcquisitionMode[2]     Solution:
Info    2021-12-21 23:05:51  DevID:MV-CA016-10GC(00F19179500)  Source-Line:libMvCameraControl.so(CInterfaceManager.cpp-L1682)     Description:GigE, TriggerMode[1], ResultingFrameRate[9.97], ExposureTime[100000.00], ExposureAuto[0], PayloadSize[1555200]     Solution:
Info    2021-12-21 23:05:51  DevID:MV-CA016-10GC(00F19179500)  Source-Line:libMvCameraControl.so(CInterfaceManager.cpp-L1687)     Description:GigE, GevLinkSpeed[1000], GevHeartbeatTimeout[5000], GevSCPSPacketSize[1500], GevSCPD[1410]     Solution:
Info    2021-12-21 23:05:51  DevID:MV-CA016-10GC(00F19179500)  Source-Line:libMvCameraControl.so(CInterfaceManager.cpp-L1792)     Description:There is no registration callback     Solution:
Info    2021-12-21 23:05:51  DevID:MV-CA016-10GC(00F19179500)  Source-Line:libMvCameraControl.so(CInterfaceManager.cpp-L1797)     Description:[MV_CC_StartGrabbing] return[0x0]     Solution:
Info    2021-12-21 23:05:51  DevID:MV-CA016-10GC(00F19179500)  Source-Line:libMvCameraControl.so(CInterfaceManager.cpp-L6253)     Description:CamCtrl RecvThread Start, ThreadId[-107374848]     Solution:
Info    2021-12-21 23:05:51  DevID:MV-CA016-10GC(00F19179500)  Source-Line:libMvCameraControl.so(CInterfaceManager.cpp-L6021)     Description:CamCtrl Display Thread Start, ThreadId[-115767552]     Solution:
Info    2021-12-21 23:05:51  DevID:MV-CA016-10GC(00F19179500)  Source-Line:libMvCameraControl.so(CInterfaceManager.cpp-L7941)     Description:[MV_CC_SetBayerGammaParam]Set Bayer Gamma success! GammaType[1]     Solution:
Info    2021-12-21 23:05:51  DevID:MV-CA016-10GC(00F49550054)  Source-Line:libMvCameraControl.so(CInterfaceManager.cpp-L1247)     Description:[MV_CC_IsDeviceConnected] return[true]     Solution:
Info    2021-12-21 23:05:51  DevID:MV-CA016-10GC(00F19179500)  Source-Line:libMvCameraControl.so(CInterfaceManager.cpp-L1247)     Description:[MV_CC_IsDeviceConnected] return[true]     Solution:
Info    2021-12-21 23:05:52  DevID:MV-CA016-10GC(00F49550054)  Source-Line:libMvCameraControl.so(CInterfaceManager.cpp-L7941)     Description:[MV_CC_SetBayerGammaParam]Set Bayer Gamma success! GammaType[1]     Solution:
Info    2021-12-21 23:05:52  DevID:MV-CA016-10GC(00F19179500)  Source-Line:libMvCameraControl.so(CInterfaceManager.cpp-L7941)     Description:[MV_CC_SetBayerGammaParam]Set Bayer Gamma success! GammaType[1]     Solution:
Info    2021-12-21 23:05:55  DevID:MV-CA016-10GC(00F19179500)  Source-Line:libMvCameraControl.so(CInterfaceManager.cpp-L1881)     Description:[StopGrabbing] return[0x0]     Solution:
Info    2021-12-21 23:05:55  DevID:MV-CA016-10GC(00F19179500)  Source-Line:libMvCameraControl.so(CInterfaceManager.cpp-L6483)     Description:RecvThread Process Exit     Solution:
Info    2021-12-21 23:05:55  DevID:MV-CA016-10GC(00F19179500)  Source-Line:libMvCameraControl.so(CInterfaceManager.cpp-L6237)     Description:Display process exit     Solution:
Info    2021-12-21 23:05:55  DevID:MV-CA016-10GC(00F19179500)  Source-Line:libMvCameraControl.so(CInterfaceManager.cpp-L1166)     Description:[CloseDevice] return[0x0]     Solution:
Info    2021-12-21 23:05:56  DevID:MV-CA016-10GC(00F19179500)  Source-Line:libMvCameraControl.so(CInterfaceManager.cpp-L0830)     Description:[MV_CC_DestroyHandle] return[0x0]     Solution:
Info    2021-12-21 23:05:57  DevID:MV-CA016-10GC(00F49550054)  Source-Line:libMvCameraControl.so(CInterfaceManager.cpp-L1881)     Description:[StopGrabbing] return[0x0]     Solution:
Info    2021-12-21 23:05:57  DevID:MV-CA016-10GC(00F49550054)  Source-Line:libMvCameraControl.so(CInterfaceManager.cpp-L6237)     Description:Display process exit     Solution:
Info    2021-12-21 23:05:57  DevID:MV-CA016-10GC(00F49550054)  Source-Line:libMvCameraControl.so(CInterfaceManager.cpp-L6483)     Description:RecvThread Process Exit     Solution:
Info    2021-12-21 23:05:57  DevID:MV-CA016-10GC(00F49550054)  Source-Line:libMvCameraControl.so(CInterfaceManager.cpp-L1166)     Description:[CloseDevice] return[0x0]     Solution:
Info    2021-12-21 23:05:57  DevID:MV-CA016-10GC(00F49550054)  Source-Line:libMvCameraControl.so(CInterfaceManager.cpp-L0830)     Description:[MV_CC_DestroyHandle] return[0x0]     Solution:
Info    2021-12-21 23:22:24  DevID:MV-CA016-10GC(00F49550054)  Source-Line:libMvCameraControl.so(CInterfaceManager.cpp-L0809)     Description:Current dynamic library path[/opt/RVC/lib/externals/libMvCameraControl.so]     Solution:
Info    2021-12-21 23:22:24  DevID:MV-CA016-10GC(00F49550054)  Source-Line:libMvCameraControl.so(CInterfaceManager.cpp-L0812)     Description:CamCtl_Version: 3.2.0.3     Solution:
Info    2021-12-21 23:22:24  DevID:MV-CA016-10GC(00F49550054)  Source-Line:libMvCameraControl.so(CInterfaceManager.cpp-L0813)     Description:CamCtl_Description: BaseLine Build 20210715     Solution:
Info    2021-12-21 23:22:24  DevID:MV-CA016-10GC(00F49550054)  Source-Line:libMvCameraControl.so(CInterfaceManager.cpp-L0815)     Description:[MV_CC_CreateHandle] return[0x0]     Solution:
Info    2021-12-21 23:22:24  DevID:MV-CA016-10GC(00F19179500)  Source-Line:libMvCameraControl.so(CInterfaceManager.cpp-L0809)     Description:Current dynamic library path[/opt/RVC/lib/externals/libMvCameraControl.so]     Solution:
Info    2021-12-21 23:22:24  DevID:MV-CA016-10GC(00F19179500)  Source-Line:libMvCameraControl.so(CInterfaceManager.cpp-L0812)     Description:CamCtl_Version: 3.2.0.3     Solution:
Info    2021-12-21 23:22:24  DevID:MV-CA016-10GC(00F19179500)  Source-Line:libMvCameraControl.so(CInterfaceManager.cpp-L0813)     Description:CamCtl_Description: BaseLine Build 20210715     Solution:
Info    2021-12-21 23:22:24  DevID:MV-CA016-10GC(00F19179500)  Source-Line:libMvCameraControl.so(CInterfaceManager.cpp-L0815)     Description:[MV_CC_CreateHandle] return[0x0]     Solution:
Info    2021-12-21 23:22:24  DevID:MV-CA016-10GC(00F49550054)  Source-Line:libMvCameraControl.so(CInterfaceManager.cpp-L6625)     Description:CamCtrl[0x3020003], GigE SDKVersion[0x3020003], DriverVersion[0x0]     Solution:
Info    2021-12-21 23:22:25  DevID:MV-CA016-10GC(00F49550054)  Source-Line:libMvCameraControl.so(CInterfaceManager.cpp-L4222)     Description:[MV_CC_InvalidateNodes] return[0x0]     Solution:
Info    2021-12-21 23:22:25  DevID:MV-CA016-10GC(00F49550054)  Source-Line:libMvCameraControl.so(CInterfaceManager.cpp-L1086)     Description:[MV_CC_OpenDevice] nPrivilegeMode[1], nSwitchoverKey[0], return[0x0]     Solution:
Info    2021-12-21 23:22:25  DevID:MV-CA016-10GC(00F49550054)  Source-Line:libMvCameraControl.so(CInterfaceManager.cpp-L5341)     Description:[MV_GIGE_SetResend] Enable[1], MaxResendPercent[100], ResendTimeout[50], return[0x0]     Solution:
Info    2021-12-21 23:22:25  DevID:MV-CA016-10GC(00F49550054)  Source-Line:libMvCameraControl.so(CInterfaceManager.cpp-L4819)     Description:[MV_CC_SetImageNodeNum] NodeNum[30], return[0x0]     Solution:
Info    2021-12-21 23:22:25  DevID:MV-CA016-10GC(00F49550054)  Source-Line:libMvCameraControl.so(CInterfaceManager.cpp-L8411)     Description:[MV_CC_SetBayerCvtQuality]Set Bayer CvtQuality success! BayerCvtQuality[2]     Solution:
Info    2021-12-21 23:22:25  DevID:MV-CA016-10GC(00F49550054)  Source-Line:libMvCameraControl.so(CInterfaceManager.cpp-L1657)     Description:[GEV]Width[1440], Height[1080], PixelFormat[0x1080009], PayloadSize[1555200], ChunkCount[0], CompressMode[0], DeviceUptime[                                                             173]     Solution:
Info    2021-12-21 23:22:25  DevID:MV-CA016-10GC(00F49550054)  Source-Line:libMvCameraControl.so(CInterfaceManager.cpp-L1671)     Description:GigE, DeviceModelName[MV-CA016-10GC], DeviceFirmwareVersion[V3.2.0 210422,21033103], DeviceMaxThroughput[730496]     Solution:
Info    2021-12-21 23:22:25  DevID:MV-CA016-10GC(00F49550054)  Source-Line:libMvCameraControl.so(CInterfaceManager.cpp-L1676)     Description:GigE, Width[1440], Height[1080], OffsetX[0], OffsetY[0], PixelFormat[0x1080009], AcquisitionMode[2]     Solution:
Info    2021-12-21 23:22:25  DevID:MV-CA016-10GC(00F49550054)  Source-Line:libMvCameraControl.so(CInterfaceManager.cpp-L1682)     Description:GigE, TriggerMode[1], ResultingFrameRate[60.12], ExposureTime[5000.00], ExposureAuto[0], PayloadSize[1555200]     Solution:
Info    2021-12-21 23:22:25  DevID:MV-CA016-10GC(00F49550054)  Source-Line:libMvCameraControl.so(CInterfaceManager.cpp-L1687)     Description:GigE, GevLinkSpeed[1000], GevHeartbeatTimeout[5000], GevSCPSPacketSize[1500], GevSCPD[400]     Solution:
Info    2021-12-21 23:22:25  DevID:MV-CA016-10GC(00F49550054)  Source-Line:libMvCameraControl.so(CInterfaceManager.cpp-L1792)     Description:There is no registration callback     Solution:
Info    2021-12-21 23:22:25  DevID:MV-CA016-10GC(00F49550054)  Source-Line:libMvCameraControl.so(CInterfaceManager.cpp-L6253)     Description:CamCtrl RecvThread Start, ThreadId[1439422208]     Solution:
Info    2021-12-21 23:22:25  DevID:MV-CA016-10GC(00F49550054)  Source-Line:libMvCameraControl.so(CInterfaceManager.cpp-L1797)     Description:[MV_CC_StartGrabbing] return[0x0]     Solution:
Info    2021-12-21 23:22:25  DevID:MV-CA016-10GC(00F49550054)  Source-Line:libMvCameraControl.so(CInterfaceManager.cpp-L6021)     Description:CamCtrl Display Thread Start, ThreadId[1431029504]     Solution:
Info    2021-12-21 23:22:25  DevID:MV-CA016-10GC(00F49550054)  Source-Line:libMvCameraControl.so(CInterfaceManager.cpp-L7941)     Description:[MV_CC_SetBayerGammaParam]Set Bayer Gamma success! GammaType[1]     Solution:
Info    2021-12-21 23:22:25  DevID:MV-CA016-10GC(00F19179500)  Source-Line:libMvCameraControl.so(CInterfaceManager.cpp-L6625)     Description:CamCtrl[0x3020003], GigE SDKVersion[0x3020003], DriverVersion[0x0]     Solution:
Info    2021-12-21 23:22:25  DevID:MV-CA016-10GC(00F19179500)  Source-Line:libMvCameraControl.so(CInterfaceManager.cpp-L4222)     Description:[MV_CC_InvalidateNodes] return[0x0]     Solution:
Info    2021-12-21 23:22:25  DevID:MV-CA016-10GC(00F19179500)  Source-Line:libMvCameraControl.so(CInterfaceManager.cpp-L1086)     Description:[MV_CC_OpenDevice] nPrivilegeMode[1], nSwitchoverKey[0], return[0x0]     Solution:
Info    2021-12-21 23:22:25  DevID:MV-CA016-10GC(00F19179500)  Source-Line:libMvCameraControl.so(CInterfaceManager.cpp-L5341)     Description:[MV_GIGE_SetResend] Enable[1], MaxResendPercent[100], ResendTimeout[50], return[0x0]     Solution:
Info    2021-12-21 23:22:25  DevID:MV-CA016-10GC(00F19179500)  Source-Line:libMvCameraControl.so(CInterfaceManager.cpp-L4819)     Description:[MV_CC_SetImageNodeNum] NodeNum[30], return[0x0]     Solution:
Info    2021-12-21 23:22:25  DevID:MV-CA016-10GC(00F19179500)  Source-Line:libMvCameraControl.so(CInterfaceManager.cpp-L8411)     Description:[MV_CC_SetBayerCvtQuality]Set Bayer CvtQuality success! BayerCvtQuality[2]     Solution:
Info    2021-12-21 23:22:26  DevID:MV-CA016-10GC(00F19179500)  Source-Line:libMvCameraControl.so(CInterfaceManager.cpp-L1657)     Description:[GEV]Width[1440], Height[1080], PixelFormat[0x1080009], PayloadSize[1555200], ChunkCount[0], CompressMode[0], DeviceUptime[                                                             174]     Solution:
Info    2021-12-21 23:22:26  DevID:MV-CA016-10GC(00F19179500)  Source-Line:libMvCameraControl.so(CInterfaceManager.cpp-L1671)     Description:GigE, DeviceModelName[MV-CA016-10GC], DeviceFirmwareVersion[V3.2.0 210422,21033103], DeviceMaxThroughput[730496]     Solution:
Info    2021-12-21 23:22:26  DevID:MV-CA016-10GC(00F19179500)  Source-Line:libMvCameraControl.so(CInterfaceManager.cpp-L1676)     Description:GigE, Width[1440], Height[1080], OffsetX[0], OffsetY[0], PixelFormat[0x1080009], AcquisitionMode[2]     Solution:
Info    2021-12-21 23:22:26  DevID:MV-CA016-10GC(00F19179500)  Source-Line:libMvCameraControl.so(CInterfaceManager.cpp-L1682)     Description:GigE, TriggerMode[1], ResultingFrameRate[60.12], ExposureTime[5000.00], ExposureAuto[0], PayloadSize[1555200]     Solution:
Info    2021-12-21 23:22:26  DevID:MV-CA016-10GC(00F19179500)  Source-Line:libMvCameraControl.so(CInterfaceManager.cpp-L1687)     Description:GigE, GevLinkSpeed[1000], GevHeartbeatTimeout[5000], GevSCPSPacketSize[1500], GevSCPD[400]     Solution:
Info    2021-12-21 23:22:26  DevID:MV-CA016-10GC(00F19179500)  Source-Line:libMvCameraControl.so(CInterfaceManager.cpp-L1792)     Description:There is no registration callback     Solution:
Info    2021-12-21 23:22:26  DevID:MV-CA016-10GC(00F19179500)  Source-Line:libMvCameraControl.so(CInterfaceManager.cpp-L1797)     Description:[MV_CC_StartGrabbing] return[0x0]     Solution:
Info    2021-12-21 23:22:26  DevID:MV-CA016-10GC(00F19179500)  Source-Line:libMvCameraControl.so(CInterfaceManager.cpp-L6253)     Description:CamCtrl RecvThread Start, ThreadId[651114240]     Solution:
Info    2021-12-21 23:22:26  DevID:MV-CA016-10GC(00F19179500)  Source-Line:libMvCameraControl.so(CInterfaceManager.cpp-L6021)     Description:CamCtrl Display Thread Start, ThreadId[642721536]     Solution:
Info    2021-12-21 23:22:26  DevID:MV-CA016-10GC(00F19179500)  Source-Line:libMvCameraControl.so(CInterfaceManager.cpp-L7941)     Description:[MV_CC_SetBayerGammaParam]Set Bayer Gamma success! GammaType[1]     Solution:
Info    2021-12-21 23:22:26  DevID:MV-CA016-10GC(00F49550054)  Source-Line:libMvCameraControl.so(CInterfaceManager.cpp-L1247)     Description:[MV_CC_IsDeviceConnected] return[true]     Solution:
Info    2021-12-21 23:22:26  DevID:MV-CA016-10GC(00F19179500)  Source-Line:libMvCameraControl.so(CInterfaceManager.cpp-L1247)     Description:[MV_CC_IsDeviceConnected] return[true]     Solution:
Info    2021-12-21 23:22:27  DevID:MV-CA016-10GC(00F49550054)  Source-Line:libMvCameraControl.so(CInterfaceManager.cpp-L7941)     Description:[MV_CC_SetBayerGammaParam]Set Bayer Gamma success! GammaType[1]     Solution:
Info    2021-12-21 23:22:27  DevID:MV-CA016-10GC(00F19179500)  Source-Line:libMvCameraControl.so(CInterfaceManager.cpp-L7941)     Description:[MV_CC_SetBayerGammaParam]Set Bayer Gamma success! GammaType[1]     Solution:
Info    2021-12-21 23:22:30  DevID:MV-CA016-10GC(00F19179500)  Source-Line:libMvCameraControl.so(CInterfaceManager.cpp-L1881)     Description:[StopGrabbing] return[0x0]     Solution:
Info    2021-12-21 23:22:30  DevID:MV-CA016-10GC(00F19179500)  Source-Line:libMvCameraControl.so(CInterfaceManager.cpp-L6237)     Description:Display process exit     Solution:
Info    2021-12-21 23:22:30  DevID:MV-CA016-10GC(00F19179500)  Source-Line:libMvCameraControl.so(CInterfaceManager.cpp-L6483)     Description:RecvThread Process Exit     Solution:
Info    2021-12-21 23:22:30  DevID:MV-CA016-10GC(00F19179500)  Source-Line:libMvCameraControl.so(CInterfaceManager.cpp-L1166)     Description:[CloseDevice] return[0x0]     Solution:
Info    2021-12-21 23:22:30  DevID:MV-CA016-10GC(00F19179500)  Source-Line:libMvCameraControl.so(CInterfaceManager.cpp-L0830)     Description:[MV_CC_DestroyHandle] return[0x0]     Solution:
Info    2021-12-21 23:23:26  DevID:MV-CA016-10GC(00F49550054)  Source-Line:libMvCameraControl.so(CInterfaceManager.cpp-L0809)     Description:Current dynamic library path[/opt/RVC/lib/externals/libMvCameraControl.so]     Solution:
Info    2021-12-21 23:23:26  DevID:MV-CA016-10GC(00F49550054)  Source-Line:libMvCameraControl.so(CInterfaceManager.cpp-L0812)     Description:CamCtl_Version: 3.2.0.3     Solution:
Info    2021-12-21 23:23:26  DevID:MV-CA016-10GC(00F49550054)  Source-Line:libMvCameraControl.so(CInterfaceManager.cpp-L0813)     Description:CamCtl_Description: BaseLine Build 20210715     Solution:
Info    2021-12-21 23:23:26  DevID:MV-CA016-10GC(00F49550054)  Source-Line:libMvCameraControl.so(CInterfaceManager.cpp-L0815)     Description:[MV_CC_CreateHandle] return[0x0]     Solution:
Info    2021-12-21 23:23:26  DevID:MV-CA016-10GC(00F19179500)  Source-Line:libMvCameraControl.so(CInterfaceManager.cpp-L0809)     Description:Current dynamic library path[/opt/RVC/lib/externals/libMvCameraControl.so]     Solution:
Info    2021-12-21 23:23:26  DevID:MV-CA016-10GC(00F19179500)  Source-Line:libMvCameraControl.so(CInterfaceManager.cpp-L0812)     Description:CamCtl_Version: 3.2.0.3     Solution:
Info    2021-12-21 23:23:26  DevID:MV-CA016-10GC(00F19179500)  Source-Line:libMvCameraControl.so(CInterfaceManager.cpp-L0813)     Description:CamCtl_Description: BaseLine Build 20210715     Solution:
Info    2021-12-21 23:23:26  DevID:MV-CA016-10GC(00F19179500)  Source-Line:libMvCameraControl.so(CInterfaceManager.cpp-L0815)     Description:[MV_CC_CreateHandle] return[0x0]     Solution:
Info    2021-12-21 23:23:26  DevID:MV-CA016-10GC(00F49550054)  Source-Line:libMvCameraControl.so(CInterfaceManager.cpp-L6625)     Description:CamCtrl[0x3020003], GigE SDKVersion[0x3020003], DriverVersion[0x0]     Solution:
Info    2021-12-21 23:23:27  DevID:MV-CA016-10GC(00F49550054)  Source-Line:libMvCameraControl.so(CInterfaceManager.cpp-L4222)     Description:[MV_CC_InvalidateNodes] return[0x0]     Solution:
Info    2021-12-21 23:23:27  DevID:MV-CA016-10GC(00F49550054)  Source-Line:libMvCameraControl.so(CInterfaceManager.cpp-L1086)     Description:[MV_CC_OpenDevice] nPrivilegeMode[1], nSwitchoverKey[0], return[0x0]     Solution:
Info    2021-12-21 23:23:27  DevID:MV-CA016-10GC(00F49550054)  Source-Line:libMvCameraControl.so(CInterfaceManager.cpp-L5341)     Description:[MV_GIGE_SetResend] Enable[1], MaxResendPercent[100], ResendTimeout[50], return[0x0]     Solution:
Info    2021-12-21 23:23:27  DevID:MV-CA016-10GC(00F49550054)  Source-Line:libMvCameraControl.so(CInterfaceManager.cpp-L4819)     Description:[MV_CC_SetImageNodeNum] NodeNum[30], return[0x0]     Solution:
Info    2021-12-21 23:23:27  DevID:MV-CA016-10GC(00F49550054)  Source-Line:libMvCameraControl.so(CInterfaceManager.cpp-L8411)     Description:[MV_CC_SetBayerCvtQuality]Set Bayer CvtQuality success! BayerCvtQuality[2]     Solution:
Info    2021-12-21 23:23:27  DevID:MV-CA016-10GC(00F49550054)  Source-Line:libMvCameraControl.so(CInterfaceManager.cpp-L1657)     Description:[GEV]Width[1440], Height[1080], PixelFormat[0x1080009], PayloadSize[1555200], ChunkCount[0], CompressMode[0], DeviceUptime[                                                             235]     Solution:
Info    2021-12-21 23:23:27  DevID:MV-CA016-10GC(00F49550054)  Source-Line:libMvCameraControl.so(CInterfaceManager.cpp-L1671)     Description:GigE, DeviceModelName[MV-CA016-10GC], DeviceFirmwareVersion[V3.2.0 210422,21033103], DeviceMaxThroughput[478515]     Solution:
Info    2021-12-21 23:23:27  DevID:MV-CA016-10GC(00F49550054)  Source-Line:libMvCameraControl.so(CInterfaceManager.cpp-L1676)     Description:GigE, Width[1440], Height[1080], OffsetX[0], OffsetY[0], PixelFormat[0x1080009], AcquisitionMode[2]     Solution:
Info    2021-12-21 23:23:27  DevID:MV-CA016-10GC(00F49550054)  Source-Line:libMvCameraControl.so(CInterfaceManager.cpp-L1682)     Description:GigE, TriggerMode[1], ResultingFrameRate[9.97], ExposureTime[100000.00], ExposureAuto[0], PayloadSize[1555200]     Solution:
Info    2021-12-21 23:23:27  DevID:MV-CA016-10GC(00F49550054)  Source-Line:libMvCameraControl.so(CInterfaceManager.cpp-L1687)     Description:GigE, GevLinkSpeed[1000], GevHeartbeatTimeout[5000], GevSCPSPacketSize[1500], GevSCPD[1410]     Solution:
Info    2021-12-21 23:23:27  DevID:MV-CA016-10GC(00F49550054)  Source-Line:libMvCameraControl.so(CInterfaceManager.cpp-L1792)     Description:There is no registration callback     Solution:
Info    2021-12-21 23:23:27  DevID:MV-CA016-10GC(00F49550054)  Source-Line:libMvCameraControl.so(CInterfaceManager.cpp-L6253)     Description:CamCtrl RecvThread Start, ThreadId[819664640]     Solution:
Info    2021-12-21 23:23:27  DevID:MV-CA016-10GC(00F49550054)  Source-Line:libMvCameraControl.so(CInterfaceManager.cpp-L1797)     Description:[MV_CC_StartGrabbing] return[0x0]     Solution:
Info    2021-12-21 23:23:27  DevID:MV-CA016-10GC(00F49550054)  Source-Line:libMvCameraControl.so(CInterfaceManager.cpp-L6021)     Description:CamCtrl Display Thread Start, ThreadId[603977472]     Solution:
Info    2021-12-21 23:23:27  DevID:MV-CA016-10GC(00F49550054)  Source-Line:libMvCameraControl.so(CInterfaceManager.cpp-L7941)     Description:[MV_CC_SetBayerGammaParam]Set Bayer Gamma success! GammaType[1]     Solution:
Info    2021-12-21 23:23:27  DevID:MV-CA016-10GC(00F19179500)  Source-Line:libMvCameraControl.so(CInterfaceManager.cpp-L6625)     Description:CamCtrl[0x3020003], GigE SDKVersion[0x3020003], DriverVersion[0x0]     Solution:
Info    2021-12-21 23:23:27  DevID:MV-CA016-10GC(00F19179500)  Source-Line:libMvCameraControl.so(CInterfaceManager.cpp-L4222)     Description:[MV_CC_InvalidateNodes] return[0x0]     Solution:
Info    2021-12-21 23:23:27  DevID:MV-CA016-10GC(00F19179500)  Source-Line:libMvCameraControl.so(CInterfaceManager.cpp-L1086)     Description:[MV_CC_OpenDevice] nPrivilegeMode[1], nSwitchoverKey[0], return[0x0]     Solution:
Info    2021-12-21 23:23:27  DevID:MV-CA016-10GC(00F19179500)  Source-Line:libMvCameraControl.so(CInterfaceManager.cpp-L5341)     Description:[MV_GIGE_SetResend] Enable[1], MaxResendPercent[100], ResendTimeout[50], return[0x0]     Solution:
Info    2021-12-21 23:23:27  DevID:MV-CA016-10GC(00F19179500)  Source-Line:libMvCameraControl.so(CInterfaceManager.cpp-L4819)     Description:[MV_CC_SetImageNodeNum] NodeNum[30], return[0x0]     Solution:
Info    2021-12-21 23:23:27  DevID:MV-CA016-10GC(00F19179500)  Source-Line:libMvCameraControl.so(CInterfaceManager.cpp-L8411)     Description:[MV_CC_SetBayerCvtQuality]Set Bayer CvtQuality success! BayerCvtQuality[2]     Solution:
Info    2021-12-21 23:23:27  DevID:MV-CA016-10GC(00F19179500)  Source-Line:libMvCameraControl.so(CInterfaceManager.cpp-L1657)     Description:[GEV]Width[1440], Height[1080], PixelFormat[0x1080009], PayloadSize[1555200], ChunkCount[0], CompressMode[0], DeviceUptime[                                                             236]     Solution:
Info    2021-12-21 23:23:27  DevID:MV-CA016-10GC(00F19179500)  Source-Line:libMvCameraControl.so(CInterfaceManager.cpp-L1671)     Description:GigE, DeviceModelName[MV-CA016-10GC], DeviceFirmwareVersion[V3.2.0 210422,21033103], DeviceMaxThroughput[478515]     Solution:
Info    2021-12-21 23:23:27  DevID:MV-CA016-10GC(00F19179500)  Source-Line:libMvCameraControl.so(CInterfaceManager.cpp-L1676)     Description:GigE, Width[1440], Height[1080], OffsetX[0], OffsetY[0], PixelFormat[0x1080009], AcquisitionMode[2]     Solution:
Info    2021-12-21 23:23:27  DevID:MV-CA016-10GC(00F19179500)  Source-Line:libMvCameraControl.so(CInterfaceManager.cpp-L1682)     Description:GigE, TriggerMode[1], ResultingFrameRate[9.97], ExposureTime[100000.00], ExposureAuto[0], PayloadSize[1555200]     Solution:
Info    2021-12-21 23:23:27  DevID:MV-CA016-10GC(00F19179500)  Source-Line:libMvCameraControl.so(CInterfaceManager.cpp-L1687)     Description:GigE, GevLinkSpeed[1000], GevHeartbeatTimeout[5000], GevSCPSPacketSize[1500], GevSCPD[1410]     Solution:
Info    2021-12-21 23:23:27  DevID:MV-CA016-10GC(00F19179500)  Source-Line:libMvCameraControl.so(CInterfaceManager.cpp-L1792)     Description:There is no registration callback     Solution:
Info    2021-12-21 23:23:27  DevID:MV-CA016-10GC(00F19179500)  Source-Line:libMvCameraControl.so(CInterfaceManager.cpp-L1797)     Description:[MV_CC_StartGrabbing] return[0x0]     Solution:
Info    2021-12-21 23:23:27  DevID:MV-CA016-10GC(00F19179500)  Source-Line:libMvCameraControl.so(CInterfaceManager.cpp-L6253)     Description:CamCtrl RecvThread Start, ThreadId[26842880]     Solution:
Info    2021-12-21 23:23:27  DevID:MV-CA016-10GC(00F19179500)  Source-Line:libMvCameraControl.so(CInterfaceManager.cpp-L6021)     Description:CamCtrl Display Thread Start, ThreadId[18450176]     Solution:
Info    2021-12-21 23:23:27  DevID:MV-CA016-10GC(00F19179500)  Source-Line:libMvCameraControl.so(CInterfaceManager.cpp-L7941)     Description:[MV_CC_SetBayerGammaParam]Set Bayer Gamma success! GammaType[1]     Solution:
Info    2021-12-21 23:23:28  DevID:MV-CA016-10GC(00F49550054)  Source-Line:libMvCameraControl.so(CInterfaceManager.cpp-L1247)     Description:[MV_CC_IsDeviceConnected] return[true]     Solution:
Info    2021-12-21 23:23:28  DevID:MV-CA016-10GC(00F19179500)  Source-Line:libMvCameraControl.so(CInterfaceManager.cpp-L1247)     Description:[MV_CC_IsDeviceConnected] return[true]     Solution:
Info    2021-12-21 23:23:29  DevID:MV-CA016-10GC(00F49550054)  Source-Line:libMvCameraControl.so(CInterfaceManager.cpp-L7941)     Description:[MV_CC_SetBayerGammaParam]Set Bayer Gamma success! GammaType[1]     Solution:
Info    2021-12-21 23:23:29  DevID:MV-CA016-10GC(00F19179500)  Source-Line:libMvCameraControl.so(CInterfaceManager.cpp-L7941)     Description:[MV_CC_SetBayerGammaParam]Set Bayer Gamma success! GammaType[1]     Solution:
Info    2021-12-21 23:23:31  DevID:MV-CA016-10GC(00F19179500)  Source-Line:libMvCameraControl.so(CInterfaceManager.cpp-L1881)     Description:[StopGrabbing] return[0x0]     Solution:
Info    2021-12-21 23:23:32  DevID:MV-CA016-10GC(00F19179500)  Source-Line:libMvCameraControl.so(CInterfaceManager.cpp-L6483)     Description:RecvThread Process Exit     Solution:
Info    2021-12-21 23:23:32  DevID:MV-CA016-10GC(00F19179500)  Source-Line:libMvCameraControl.so(CInterfaceManager.cpp-L6237)     Description:Display process exit     Solution:
Info    2021-12-21 23:23:32  DevID:MV-CA016-10GC(00F19179500)  Source-Line:libMvCameraControl.so(CInterfaceManager.cpp-L1166)     Description:[CloseDevice] return[0x0]     Solution:
Info    2021-12-21 23:23:32  DevID:MV-CA016-10GC(00F19179500)  Source-Line:libMvCameraControl.so(CInterfaceManager.cpp-L0830)     Description:[MV_CC_DestroyHandle] return[0x0]     Solution:
Info    2021-12-21 23:23:33  DevID:MV-CA016-10GC(00F49550054)  Source-Line:libMvCameraControl.so(CInterfaceManager.cpp-L1881)     Description:[StopGrabbing] return[0x0]     Solution:
Info    2021-12-21 23:23:33  DevID:MV-CA016-10GC(00F49550054)  Source-Line:libMvCameraControl.so(CInterfaceManager.cpp-L6483)     Description:RecvThread Process Exit     Solution:
Info    2021-12-21 23:23:33  DevID:MV-CA016-10GC(00F49550054)  Source-Line:libMvCameraControl.so(CInterfaceManager.cpp-L6237)     Description:Display process exit     Solution:
Info    2021-12-21 23:23:34  DevID:MV-CA016-10GC(00F49550054)  Source-Line:libMvCameraControl.so(CInterfaceManager.cpp-L1166)     Description:[CloseDevice] return[0x0]     Solution:
Info    2021-12-21 23:23:34  DevID:MV-CA016-10GC(00F49550054)  Source-Line:libMvCameraControl.so(CInterfaceManager.cpp-L0830)     Description:[MV_CC_DestroyHandle] return[0x0]     Solution:
Info    2021-12-21 23:29:33  DevID:MV-CA016-10GC(00F49550054)  Source-Line:libMvCameraControl.so(CInterfaceManager.cpp-L0809)     Description:Current dynamic library path[/opt/RVC/lib/externals/libMvCameraControl.so]     Solution:
Info    2021-12-21 23:29:33  DevID:MV-CA016-10GC(00F49550054)  Source-Line:libMvCameraControl.so(CInterfaceManager.cpp-L0812)     Description:CamCtl_Version: 3.2.0.3     Solution:
Info    2021-12-21 23:29:33  DevID:MV-CA016-10GC(00F49550054)  Source-Line:libMvCameraControl.so(CInterfaceManager.cpp-L0813)     Description:CamCtl_Description: BaseLine Build 20210715     Solution:
Info    2021-12-21 23:29:33  DevID:MV-CA016-10GC(00F49550054)  Source-Line:libMvCameraControl.so(CInterfaceManager.cpp-L0815)     Description:[MV_CC_CreateHandle] return[0x0]     Solution:
Info    2021-12-21 23:29:33  DevID:MV-CA016-10GC(00F19179500)  Source-Line:libMvCameraControl.so(CInterfaceManager.cpp-L0809)     Description:Current dynamic library path[/opt/RVC/lib/externals/libMvCameraControl.so]     Solution:
Info    2021-12-21 23:29:33  DevID:MV-CA016-10GC(00F19179500)  Source-Line:libMvCameraControl.so(CInterfaceManager.cpp-L0812)     Description:CamCtl_Version: 3.2.0.3     Solution:
Info    2021-12-21 23:29:33  DevID:MV-CA016-10GC(00F19179500)  Source-Line:libMvCameraControl.so(CInterfaceManager.cpp-L0813)     Description:CamCtl_Description: BaseLine Build 20210715     Solution:
Info    2021-12-21 23:29:33  DevID:MV-CA016-10GC(00F19179500)  Source-Line:libMvCameraControl.so(CInterfaceManager.cpp-L0815)     Description:[MV_CC_CreateHandle] return[0x0]     Solution:
Info    2021-12-21 23:29:33  DevID:MV-CA016-10GC(00F49550054)  Source-Line:libMvCameraControl.so(CInterfaceManager.cpp-L6625)     Description:CamCtrl[0x3020003], GigE SDKVersion[0x3020003], DriverVersion[0x0]     Solution:
Error   2021-12-21 23:29:35  DevID:MV-CA016-10GC(00F49550054)  Source-Line:libMvCameraControl.so(CInterfaceManager.cpp-L4211)     Description:[MV_CC_InvalidateNodes] return[0x80000003]     Solution:
Info    2021-12-21 23:29:35  DevID:MV-CA016-10GC(00F49550054)  Source-Line:libMvCameraControl.so(CInterfaceManager.cpp-L1086)     Description:[MV_CC_OpenDevice] nPrivilegeMode[1], nSwitchoverKey[0], return[0x80000206]     Solution:
Info    2021-12-21 23:29:35  DevID:MV-CA016-10GC(00F49550054)  Source-Line:libMvCameraControl.so(CInterfaceManager.cpp-L0830)     Description:[MV_CC_DestroyHandle] return[0x0]     Solution:
Info    2021-12-21 23:29:35  DevID:MV-CA016-10GC(00F19179500)  Source-Line:libMvCameraControl.so(CInterfaceManager.cpp-L0830)     Description:[MV_CC_DestroyHandle] return[0x0]     Solution:
Info    2021-12-21 23:29:45  DevID:MV-CA016-10GC(00F49550054)  Source-Line:libMvCameraControl.so(CInterfaceManager.cpp-L0809)     Description:Current dynamic library path[/opt/RVC/lib/externals/libMvCameraControl.so]     Solution:
Info    2021-12-21 23:29:45  DevID:MV-CA016-10GC(00F49550054)  Source-Line:libMvCameraControl.so(CInterfaceManager.cpp-L0812)     Description:CamCtl_Version: 3.2.0.3     Solution:
Info    2021-12-21 23:29:45  DevID:MV-CA016-10GC(00F49550054)  Source-Line:libMvCameraControl.so(CInterfaceManager.cpp-L0813)     Description:CamCtl_Description: BaseLine Build 20210715     Solution:
Info    2021-12-21 23:29:45  DevID:MV-CA016-10GC(00F49550054)  Source-Line:libMvCameraControl.so(CInterfaceManager.cpp-L0815)     Description:[MV_CC_CreateHandle] return[0x0]     Solution:
Info    2021-12-21 23:29:45  DevID:MV-CA016-10GC(00F19179500)  Source-Line:libMvCameraControl.so(CInterfaceManager.cpp-L0809)     Description:Current dynamic library path[/opt/RVC/lib/externals/libMvCameraControl.so]     Solution:
Info    2021-12-21 23:29:45  DevID:MV-CA016-10GC(00F19179500)  Source-Line:libMvCameraControl.so(CInterfaceManager.cpp-L0812)     Description:CamCtl_Version: 3.2.0.3     Solution:
Info    2021-12-21 23:29:45  DevID:MV-CA016-10GC(00F19179500)  Source-Line:libMvCameraControl.so(CInterfaceManager.cpp-L0813)     Description:CamCtl_Description: BaseLine Build 20210715     Solution:
Info    2021-12-21 23:29:45  DevID:MV-CA016-10GC(00F19179500)  Source-Line:libMvCameraControl.so(CInterfaceManager.cpp-L0815)     Description:[MV_CC_CreateHandle] return[0x0]     Solution:
Info    2021-12-21 23:29:45  DevID:MV-CA016-10GC(00F49550054)  Source-Line:libMvCameraControl.so(CInterfaceManager.cpp-L6625)     Description:CamCtrl[0x3020003], GigE SDKVersion[0x3020003], DriverVersion[0x0]     Solution:
Info    2021-12-21 23:29:46  DevID:MV-CA016-10GC(00F49550054)  Source-Line:libMvCameraControl.so(CInterfaceManager.cpp-L4222)     Description:[MV_CC_InvalidateNodes] return[0x0]     Solution:
Info    2021-12-21 23:29:46  DevID:MV-CA016-10GC(00F49550054)  Source-Line:libMvCameraControl.so(CInterfaceManager.cpp-L1086)     Description:[MV_CC_OpenDevice] nPrivilegeMode[1], nSwitchoverKey[0], return[0x0]     Solution:
Info    2021-12-21 23:29:46  DevID:MV-CA016-10GC(00F49550054)  Source-Line:libMvCameraControl.so(CInterfaceManager.cpp-L5341)     Description:[MV_GIGE_SetResend] Enable[1], MaxResendPercent[100], ResendTimeout[50], return[0x0]     Solution:
Info    2021-12-21 23:29:46  DevID:MV-CA016-10GC(00F49550054)  Source-Line:libMvCameraControl.so(CInterfaceManager.cpp-L4819)     Description:[MV_CC_SetImageNodeNum] NodeNum[30], return[0x0]     Solution:
Info    2021-12-21 23:29:46  DevID:MV-CA016-10GC(00F49550054)  Source-Line:libMvCameraControl.so(CInterfaceManager.cpp-L8411)     Description:[MV_CC_SetBayerCvtQuality]Set Bayer CvtQuality success! BayerCvtQuality[2]     Solution:
Info    2021-12-21 23:29:46  DevID:MV-CA016-10GC(00F49550054)  Source-Line:libMvCameraControl.so(CInterfaceManager.cpp-L1657)     Description:[GEV]Width[1440], Height[1080], PixelFormat[0x1080009], PayloadSize[1555200], ChunkCount[0], CompressMode[0], DeviceUptime[                                                             615]     Solution:
Info    2021-12-21 23:29:46  DevID:MV-CA016-10GC(00F49550054)  Source-Line:libMvCameraControl.so(CInterfaceManager.cpp-L1671)     Description:GigE, DeviceModelName[MV-CA016-10GC], DeviceFirmwareVersion[V3.2.0 210422,21033103], DeviceMaxThroughput[478515]     Solution:
Info    2021-12-21 23:29:46  DevID:MV-CA016-10GC(00F49550054)  Source-Line:libMvCameraControl.so(CInterfaceManager.cpp-L1676)     Description:GigE, Width[1440], Height[1080], OffsetX[0], OffsetY[0], PixelFormat[0x1080009], AcquisitionMode[2]     Solution:
Info    2021-12-21 23:29:46  DevID:MV-CA016-10GC(00F49550054)  Source-Line:libMvCameraControl.so(CInterfaceManager.cpp-L1682)     Description:GigE, TriggerMode[1], ResultingFrameRate[9.97], ExposureTime[100000.00], ExposureAuto[0], PayloadSize[1555200]     Solution:
Info    2021-12-21 23:29:46  DevID:MV-CA016-10GC(00F49550054)  Source-Line:libMvCameraControl.so(CInterfaceManager.cpp-L1687)     Description:GigE, GevLinkSpeed[1000], GevHeartbeatTimeout[5000], GevSCPSPacketSize[1500], GevSCPD[1410]     Solution:
Info    2021-12-21 23:29:46  DevID:MV-CA016-10GC(00F49550054)  Source-Line:libMvCameraControl.so(CInterfaceManager.cpp-L1792)     Description:There is no registration callback     Solution:
Info    2021-12-21 23:29:46  DevID:MV-CA016-10GC(00F49550054)  Source-Line:libMvCameraControl.so(CInterfaceManager.cpp-L6253)     Description:CamCtrl RecvThread Start, ThreadId[-1863129344]     Solution:
Info    2021-12-21 23:29:46  DevID:MV-CA016-10GC(00F49550054)  Source-Line:libMvCameraControl.so(CInterfaceManager.cpp-L6021)     Description:CamCtrl Display Thread Start, ThreadId[-2080377088]     Solution:
Info    2021-12-21 23:29:46  DevID:MV-CA016-10GC(00F49550054)  Source-Line:libMvCameraControl.so(CInterfaceManager.cpp-L1797)     Description:[MV_CC_StartGrabbing] return[0x0]     Solution:
Info    2021-12-21 23:29:46  DevID:MV-CA016-10GC(00F49550054)  Source-Line:libMvCameraControl.so(CInterfaceManager.cpp-L7941)     Description:[MV_CC_SetBayerGammaParam]Set Bayer Gamma success! GammaType[1]     Solution:
Info    2021-12-21 23:29:46  DevID:MV-CA016-10GC(00F19179500)  Source-Line:libMvCameraControl.so(CInterfaceManager.cpp-L6625)     Description:CamCtrl[0x3020003], GigE SDKVersion[0x3020003], DriverVersion[0x0]     Solution:
Info    2021-12-21 23:29:47  DevID:MV-CA016-10GC(00F19179500)  Source-Line:libMvCameraControl.so(CInterfaceManager.cpp-L4222)     Description:[MV_CC_InvalidateNodes] return[0x0]     Solution:
Info    2021-12-21 23:29:47  DevID:MV-CA016-10GC(00F19179500)  Source-Line:libMvCameraControl.so(CInterfaceManager.cpp-L1086)     Description:[MV_CC_OpenDevice] nPrivilegeMode[1], nSwitchoverKey[0], return[0x0]     Solution:
Info    2021-12-21 23:29:47  DevID:MV-CA016-10GC(00F19179500)  Source-Line:libMvCameraControl.so(CInterfaceManager.cpp-L5341)     Description:[MV_GIGE_SetResend] Enable[1], MaxResendPercent[100], ResendTimeout[50], return[0x0]     Solution:
Info    2021-12-21 23:29:47  DevID:MV-CA016-10GC(00F19179500)  Source-Line:libMvCameraControl.so(CInterfaceManager.cpp-L4819)     Description:[MV_CC_SetImageNodeNum] NodeNum[30], return[0x0]     Solution:
Info    2021-12-21 23:29:47  DevID:MV-CA016-10GC(00F19179500)  Source-Line:libMvCameraControl.so(CInterfaceManager.cpp-L8411)     Description:[MV_CC_SetBayerCvtQuality]Set Bayer CvtQuality success! BayerCvtQuality[2]     Solution:
Info    2021-12-21 23:29:47  DevID:MV-CA016-10GC(00F19179500)  Source-Line:libMvCameraControl.so(CInterfaceManager.cpp-L1657)     Description:[GEV]Width[1440], Height[1080], PixelFormat[0x1080009], PayloadSize[1555200], ChunkCount[0], CompressMode[0], DeviceUptime[                                                             615]     Solution:
Info    2021-12-21 23:29:47  DevID:MV-CA016-10GC(00F19179500)  Source-Line:libMvCameraControl.so(CInterfaceManager.cpp-L1671)     Description:GigE, DeviceModelName[MV-CA016-10GC], DeviceFirmwareVersion[V3.2.0 210422,21033103], DeviceMaxThroughput[478515]     Solution:
Info    2021-12-21 23:29:47  DevID:MV-CA016-10GC(00F19179500)  Source-Line:libMvCameraControl.so(CInterfaceManager.cpp-L1676)     Description:GigE, Width[1440], Height[1080], OffsetX[0], OffsetY[0], PixelFormat[0x1080009], AcquisitionMode[2]     Solution:
Info    2021-12-21 23:29:47  DevID:MV-CA016-10GC(00F19179500)  Source-Line:libMvCameraControl.so(CInterfaceManager.cpp-L1682)     Description:GigE, TriggerMode[1], ResultingFrameRate[9.97], ExposureTime[100000.00], ExposureAuto[0], PayloadSize[1555200]     Solution:
Info    2021-12-21 23:29:47  DevID:MV-CA016-10GC(00F19179500)  Source-Line:libMvCameraControl.so(CInterfaceManager.cpp-L1687)     Description:GigE, GevLinkSpeed[1000], GevHeartbeatTimeout[5000], GevSCPSPacketSize[1500], GevSCPD[1410]     Solution:
Info    2021-12-21 23:29:47  DevID:MV-CA016-10GC(00F19179500)  Source-Line:libMvCameraControl.so(CInterfaceManager.cpp-L1792)     Description:There is no registration callback     Solution:
Info    2021-12-21 23:29:47  DevID:MV-CA016-10GC(00F19179500)  Source-Line:libMvCameraControl.so(CInterfaceManager.cpp-L1797)     Description:[MV_CC_StartGrabbing] return[0x0]     Solution:
Info    2021-12-21 23:29:47  DevID:MV-CA016-10GC(00F19179500)  Source-Line:libMvCameraControl.so(CInterfaceManager.cpp-L6253)     Description:CamCtrl RecvThread Start, ThreadId[1637455616]     Solution:
Info    2021-12-21 23:29:47  DevID:MV-CA016-10GC(00F19179500)  Source-Line:libMvCameraControl.so(CInterfaceManager.cpp-L6021)     Description:CamCtrl Display Thread Start, ThreadId[1629062912]     Solution:
Info    2021-12-21 23:29:47  DevID:MV-CA016-10GC(00F19179500)  Source-Line:libMvCameraControl.so(CInterfaceManager.cpp-L7941)     Description:[MV_CC_SetBayerGammaParam]Set Bayer Gamma success! GammaType[1]     Solution:
Info    2021-12-21 23:29:48  DevID:MV-CA016-10GC(00F49550054)  Source-Line:libMvCameraControl.so(CInterfaceManager.cpp-L1247)     Description:[MV_CC_IsDeviceConnected] return[true]     Solution:
Info    2021-12-21 23:29:48  DevID:MV-CA016-10GC(00F19179500)  Source-Line:libMvCameraControl.so(CInterfaceManager.cpp-L1247)     Description:[MV_CC_IsDeviceConnected] return[true]     Solution:
Info    2021-12-21 23:29:49  DevID:MV-CA016-10GC(00F49550054)  Source-Line:libMvCameraControl.so(CInterfaceManager.cpp-L7941)     Description:[MV_CC_SetBayerGammaParam]Set Bayer Gamma success! GammaType[1]     Solution:
Info    2021-12-21 23:29:49  DevID:MV-CA016-10GC(00F19179500)  Source-Line:libMvCameraControl.so(CInterfaceManager.cpp-L7941)     Description:[MV_CC_SetBayerGammaParam]Set Bayer Gamma success! GammaType[1]     Solution:
Info    2021-12-21 23:30:35  DevID:MV-CA016-10GC(00F49550054)  Source-Line:libMvCameraControl.so(CInterfaceManager.cpp-L1881)     Description:[StopGrabbing] return[0x0]     Solution:
Info    2021-12-21 23:30:35  DevID:MV-CA016-10GC(00F49550054)  Source-Line:libMvCameraControl.so(CInterfaceManager.cpp-L6483)     Description:RecvThread Process Exit     Solution:
Info    2021-12-21 23:30:35  DevID:MV-CA016-10GC(00F49550054)  Source-Line:libMvCameraControl.so(CInterfaceManager.cpp-L6237)     Description:Display process exit     Solution:
Info    2021-12-21 23:30:36  DevID:MV-CA016-10GC(00F49550054)  Source-Line:libMvCameraControl.so(CInterfaceManager.cpp-L1166)     Description:[CloseDevice] return[0x0]     Solution:
Info    2021-12-21 23:30:37  DevID:MV-CA016-10GC(00F19179500)  Source-Line:libMvCameraControl.so(CInterfaceManager.cpp-L1881)     Description:[StopGrabbing] return[0x0]     Solution:
Info    2021-12-21 23:30:37  DevID:MV-CA016-10GC(00F19179500)  Source-Line:libMvCameraControl.so(CInterfaceManager.cpp-L6483)     Description:RecvThread Process Exit     Solution:
Info    2021-12-21 23:30:37  DevID:MV-CA016-10GC(00F19179500)  Source-Line:libMvCameraControl.so(CInterfaceManager.cpp-L6237)     Description:Display process exit     Solution:
Info    2021-12-21 23:30:37  DevID:MV-CA016-10GC(00F19179500)  Source-Line:libMvCameraControl.so(CInterfaceManager.cpp-L1166)     Description:[CloseDevice] return[0x0]     Solution:
Info    2021-12-21 23:30:38  DevID:MV-CA016-10GC(00F49550054)  Source-Line:libMvCameraControl.so(CInterfaceManager.cpp-L0830)     Description:[MV_CC_DestroyHandle] return[0x0]     Solution:
Info    2021-12-21 23:30:38  DevID:MV-CA016-10GC(00F19179500)  Source-Line:libMvCameraControl.so(CInterfaceManager.cpp-L0830)     Description:[MV_CC_DestroyHandle] return[0x0]     Solution:
