Info    2021-12-21 23:05:49  DevID:MV-CA016-10GC(00F49550054)  Source-Line:libMVGigEVisionSDK.so(GigEVisionManager.cpp-L0201)     Description:Current dynamic library path[/opt/RVC/lib/externals/libMVGigEVisionSDK.so]     Solution:
Info    2021-12-21 23:05:49  DevID:MV-CA016-10GC(00F49550054)  Source-Line:libMVGigEVisionSDK.so(GigEVisionManager.cpp-L0204)     Description:GigE_Version: 3.2.0.3     Solution:
Info    2021-12-21 23:05:49  DevID:MV-CA016-10GC(00F49550054)  Source-Line:libMVGigEVisionSDK.so(GigEVisionManager.cpp-L0205)     Description:GigE_Description: BaseLine Build 20210715     Solution:
Warning 2021-12-21 23:05:49  DevID:MV-CA016-10GC(00F49550054)  Source-Line:libMVGigEVisionSDK.so(GigEVisionManager.cpp-L0289)     Description:Driver mode failed, DriverInstalled[0x80000002], DriverVersion[0x0]     Solution:
Info    2021-12-21 23:05:49  DevID:MV-CA016-10GC(00F49550054)  Source-Line:libMVGigEVisionSDK.so(GigEVisionManager.cpp-L0290)     Description:Socket mode start!     Solution:
Info    2021-12-21 23:05:49  DevID:MV-CA016-10GC(00F49550054)  Source-Line:libMVGigEVisionSDK.so(GigEVisionManager.cpp-L1332)     Description:Connecting device, hostIP[0xc0a8006c], hostPort[40037], devIP[0xc0a800eb]     Solution:
Info    2021-12-21 23:05:49  DevID:MV-CA016-10GC(00F49550054)  Source-Line:libMVGigEVisionSDK.so(GigEVisionMsgChannel.cpp-L0319)     Description:Event thread start     Solution:
Info    2021-12-21 23:05:50  DevID:MV-CA016-10GC(00F49550054)  Source-Line:libMVGigEVisionSDK.so(GigEVisionManager.cpp-L3888)     Description:Get Local Mtu [1500]!     Solution:
Info    2021-12-21 23:05:50  DevID:MV-CA016-10GC(00F49550054)  Source-Line:libMVGigEVisionSDK.so(GigEVisionManager.cpp-L4014)     Description:Optimal PacketSize [1500]!     Solution:
Info    2021-12-21 23:05:50  DevID:MV-CA016-10GC(00F49550054)  Source-Line:libMVGigEVisionSDK.so(GigEVisionGVSP.cpp-L0651)     Description:GVSP GVSPThread Start, ThreadId[715478784]     Solution:
Info    2021-12-21 23:05:50  DevID:MV-CA016-10GC(00F49550054)  Source-Line:libMVGigEVisionSDK.so(GigEVisionGVSP.cpp-L0736)     Description:GVSP GVSPResendThread Start, ThreadId[707086080]     Solution:
Info    2021-12-21 23:05:50  DevID:MV-CA016-10GC(00F49550054)  Source-Line:libMVGigEVisionSDK.so(GigEVisionManager.cpp-L2907)     Description:GigE StreamInterEventThread Start, ThreadId[698693376]     Solution:
Info    2021-12-21 23:05:50  DevID:MV-CA016-10GC(00F19179500)  Source-Line:libMVGigEVisionSDK.so(GigEVisionManager.cpp-L0201)     Description:Current dynamic library path[/opt/RVC/lib/externals/libMVGigEVisionSDK.so]     Solution:
Info    2021-12-21 23:05:50  DevID:MV-CA016-10GC(00F19179500)  Source-Line:libMVGigEVisionSDK.so(GigEVisionManager.cpp-L0204)     Description:GigE_Version: 3.2.0.3     Solution:
Info    2021-12-21 23:05:50  DevID:MV-CA016-10GC(00F19179500)  Source-Line:libMVGigEVisionSDK.so(GigEVisionManager.cpp-L0205)     Description:GigE_Description: BaseLine Build 20210715     Solution:
Warning 2021-12-21 23:05:50  DevID:MV-CA016-10GC(00F19179500)  Source-Line:libMVGigEVisionSDK.so(GigEVisionManager.cpp-L0289)     Description:Driver mode failed, DriverInstalled[0x80000002], DriverVersion[0x0]     Solution:
Info    2021-12-21 23:05:50  DevID:MV-CA016-10GC(00F19179500)  Source-Line:libMVGigEVisionSDK.so(GigEVisionManager.cpp-L0290)     Description:Socket mode start!     Solution:
Info    2021-12-21 23:05:50  DevID:MV-CA016-10GC(00F19179500)  Source-Line:libMVGigEVisionSDK.so(GigEVisionManager.cpp-L1332)     Description:Connecting device, hostIP[0xc0a8006c], hostPort[51049], devIP[0xc0a800ea]     Solution:
Info    2021-12-21 23:05:50  DevID:MV-CA016-10GC(00F19179500)  Source-Line:libMVGigEVisionSDK.so(GigEVisionMsgChannel.cpp-L0319)     Description:Event thread start     Solution:
Info    2021-12-21 23:05:51  DevID:MV-CA016-10GC(00F19179500)  Source-Line:libMVGigEVisionSDK.so(GigEVisionManager.cpp-L3888)     Description:Get Local Mtu [1500]!     Solution:
Info    2021-12-21 23:05:51  DevID:MV-CA016-10GC(00F19179500)  Source-Line:libMVGigEVisionSDK.so(GigEVisionManager.cpp-L4014)     Description:Optimal PacketSize [1500]!     Solution:
Info    2021-12-21 23:05:51  DevID:MV-CA016-10GC(00F19179500)  Source-Line:libMVGigEVisionSDK.so(GigEVisionGVSP.cpp-L0651)     Description:GVSP GVSPThread Start, ThreadId[-82196736]     Solution:
Info    2021-12-21 23:05:51  DevID:MV-CA016-10GC(00F19179500)  Source-Line:libMVGigEVisionSDK.so(GigEVisionGVSP.cpp-L0736)     Description:GVSP GVSPResendThread Start, ThreadId[-90589440]     Solution:
Info    2021-12-21 23:05:51  DevID:MV-CA016-10GC(00F19179500)  Source-Line:libMVGigEVisionSDK.so(GigEVisionManager.cpp-L2907)     Description:GigE StreamInterEventThread Start, ThreadId[-98982144]     Solution:
Info    2021-12-21 23:05:51  DevID:MV-CA016-10GC(00F49550054)  Source-Line:libMVGigEVisionSDK.so(GigEVisionManager.cpp-L1477)     Description:Is Device Connected     Solution:
Info    2021-12-21 23:05:51  DevID:MV-CA016-10GC(00F19179500)  Source-Line:libMVGigEVisionSDK.so(GigEVisionManager.cpp-L1477)     Description:Is Device Connected     Solution:
Info    2021-12-21 23:05:55  DevID:MV-CA016-10GC(00F19179500)  Source-Line:libMVGigEVisionSDK.so(GigEVisionManager.cpp-L3115)     Description:GigE StreamInterEvent thread stop     Solution:
Info    2021-12-21 23:05:55  DevID:MV-CA016-10GC(00F19179500)  Source-Line:libMVGigEVisionSDK.so(GigEVisionGVSP.cpp-L0743)     Description:GVSP GVSPResendThread End, ThreadId[-90589440]     Solution:
Info    2021-12-21 23:05:55  DevID:MV-CA016-10GC(00F19179500)  Source-Line:libMVGigEVisionSDK.so(GigEVisionGVSP.cpp-L0723)     Description:GVSP recv thread stop     Solution:
Info    2021-12-21 23:05:55  DevID:MV-CA016-10GC(00F19179500)  Source-Line:libMVGigEVisionSDK.so(GigEVisionGVSP.cpp-L0658)     Description:GVSP GVSPThread End, ThreadId[-82196736]     Solution:
Info    2021-12-21 23:05:55  DevID:MV-CA016-10GC(00F19179500)  Source-Line:libMVGigEVisionSDK.so(GigEVisionManager.cpp-L2637)     Description:AppGetCount[26], AppGetCountSucceed[25], NetRecv[25], ThrowAbnormalImage[0], NetLostFrame[0], ThrowInBufList[0], LostPackets[0]     Solution:
Info    2021-12-21 23:05:55  DevID:MV-CA016-10GC(00F19179500)  Source-Line:libMVGigEVisionSDK.so(GigEVisionManager.cpp-L2637)     Description:AppGetCount[26], AppGetCountSucceed[25], NetRecv[25], ThrowAbnormalImage[0], NetLostFrame[0], ThrowInBufList[0], LostPackets[0]     Solution:
Info    2021-12-21 23:05:55  DevID:MV-CA016-10GC(00F19179500)  Source-Line:libMVGigEVisionSDK.so(GigEVisionManager.cpp-L5439)     Description:TransmissionType[0x0], nRet[0x0], GvspSendIp[0xc0a8006c], GvspSendPort[51049], HostIp[0xc0a8006c], HostPort[51049]     Solution:
Info    2021-12-21 23:05:55  DevID:MV-CA016-10GC(00F19179500)  Source-Line:libMVGigEVisionSDK.so(GigEVisionManager.cpp-L1415)     Description:Disconnect device     Solution:
Info    2021-12-21 23:05:55  DevID:MV-CA016-10GC(00F19179500)  Source-Line:libMVGigEVisionSDK.so(GigEVisionManager.cpp-L2637)     Description:AppGetCount[26], AppGetCountSucceed[25], NetRecv[25], ThrowAbnormalImage[0], NetLostFrame[0], ThrowInBufList[0], LostPackets[0]     Solution:
Info    2021-12-21 23:05:55  DevID:MV-CA016-10GC(00F19179500)  Source-Line:libMVGigEVisionSDK.so(GigEVisionMsgChannel.cpp-L0502)     Description:Event thread stop     Solution:
Info    2021-12-21 23:05:55  DevID:MV-CA016-10GC(00F19179500)  Source-Line:libMVGigEVisionSDK.so(GigEVisionGVSP.cpp-L0839)     Description:NearBID[0], LastBID[0], output[0]     Solution:
Info    2021-12-21 23:05:55  DevID:MV-CA016-10GC(00F19179500)  Source-Line:libMVGigEVisionSDK.so(GigEVisionManager.cpp-L5439)     Description:TransmissionType[0x0], nRet[0x80000003], GvspSendIp[0xc0a8006c], GvspSendPort[51049], HostIp[0xc0a8006c], HostPort[51049]     Solution:
Info    2021-12-21 23:05:55  DevID:MV-CA016-10GC(00F19179500)  Source-Line:libMVGigEVisionSDK.so(GigEVisionManager.cpp-L1415)     Description:Disconnect device     Solution:
Info    2021-12-21 23:05:57  DevID:MV-CA016-10GC(00F49550054)  Source-Line:libMVGigEVisionSDK.so(GigEVisionManager.cpp-L3115)     Description:GigE StreamInterEvent thread stop     Solution:
Info    2021-12-21 23:05:57  DevID:MV-CA016-10GC(00F49550054)  Source-Line:libMVGigEVisionSDK.so(GigEVisionGVSP.cpp-L0743)     Description:GVSP GVSPResendThread End, ThreadId[707086080]     Solution:
Info    2021-12-21 23:05:57  DevID:MV-CA016-10GC(00F49550054)  Source-Line:libMVGigEVisionSDK.so(GigEVisionGVSP.cpp-L0723)     Description:GVSP recv thread stop     Solution:
Info    2021-12-21 23:05:57  DevID:MV-CA016-10GC(00F49550054)  Source-Line:libMVGigEVisionSDK.so(GigEVisionGVSP.cpp-L0658)     Description:GVSP GVSPThread End, ThreadId[715478784]     Solution:
Info    2021-12-21 23:05:57  DevID:MV-CA016-10GC(00F49550054)  Source-Line:libMVGigEVisionSDK.so(GigEVisionManager.cpp-L2637)     Description:AppGetCount[27], AppGetCountSucceed[25], NetRecv[25], ThrowAbnormalImage[0], NetLostFrame[0], ThrowInBufList[0], LostPackets[0]     Solution:
Info    2021-12-21 23:05:57  DevID:MV-CA016-10GC(00F49550054)  Source-Line:libMVGigEVisionSDK.so(GigEVisionManager.cpp-L2637)     Description:AppGetCount[27], AppGetCountSucceed[25], NetRecv[25], ThrowAbnormalImage[0], NetLostFrame[0], ThrowInBufList[0], LostPackets[0]     Solution:
Info    2021-12-21 23:05:57  DevID:MV-CA016-10GC(00F49550054)  Source-Line:libMVGigEVisionSDK.so(GigEVisionManager.cpp-L5439)     Description:TransmissionType[0x0], nRet[0x0], GvspSendIp[0xc0a8006c], GvspSendPort[40037], HostIp[0xc0a8006c], HostPort[40037]     Solution:
Info    2021-12-21 23:05:57  DevID:MV-CA016-10GC(00F49550054)  Source-Line:libMVGigEVisionSDK.so(GigEVisionManager.cpp-L1415)     Description:Disconnect device     Solution:
Info    2021-12-21 23:05:57  DevID:MV-CA016-10GC(00F49550054)  Source-Line:libMVGigEVisionSDK.so(GigEVisionManager.cpp-L2637)     Description:AppGetCount[27], AppGetCountSucceed[25], NetRecv[25], ThrowAbnormalImage[0], NetLostFrame[0], ThrowInBufList[0], LostPackets[0]     Solution:
Info    2021-12-21 23:05:57  DevID:MV-CA016-10GC(00F49550054)  Source-Line:libMVGigEVisionSDK.so(GigEVisionMsgChannel.cpp-L0502)     Description:Event thread stop     Solution:
Info    2021-12-21 23:05:57  DevID:MV-CA016-10GC(00F49550054)  Source-Line:libMVGigEVisionSDK.so(GigEVisionGVSP.cpp-L0839)     Description:NearBID[0], LastBID[0], output[0]     Solution:
Info    2021-12-21 23:22:24  DevID:MV-CA016-10GC(00F49550054)  Source-Line:libMVGigEVisionSDK.so(GigEVisionManager.cpp-L0201)     Description:Current dynamic library path[/opt/RVC/lib/externals/libMVGigEVisionSDK.so]     Solution:
Info    2021-12-21 23:22:24  DevID:MV-CA016-10GC(00F49550054)  Source-Line:libMVGigEVisionSDK.so(GigEVisionManager.cpp-L0204)     Description:GigE_Version: 3.2.0.3     Solution:
Info    2021-12-21 23:22:24  DevID:MV-CA016-10GC(00F49550054)  Source-Line:libMVGigEVisionSDK.so(GigEVisionManager.cpp-L0205)     Description:GigE_Description: BaseLine Build 20210715     Solution:
Warning 2021-12-21 23:22:24  DevID:MV-CA016-10GC(00F49550054)  Source-Line:libMVGigEVisionSDK.so(GigEVisionManager.cpp-L0289)     Description:Driver mode failed, DriverInstalled[0x80000002], DriverVersion[0x0]     Solution:
Info    2021-12-21 23:22:24  DevID:MV-CA016-10GC(00F49550054)  Source-Line:libMVGigEVisionSDK.so(GigEVisionManager.cpp-L0290)     Description:Socket mode start!     Solution:
Info    2021-12-21 23:22:24  DevID:MV-CA016-10GC(00F49550054)  Source-Line:libMVGigEVisionSDK.so(GigEVisionManager.cpp-L1332)     Description:Connecting device, hostIP[0xc0a8006c], hostPort[47221], devIP[0xc0a800eb]     Solution:
Info    2021-12-21 23:22:24  DevID:MV-CA016-10GC(00F49550054)  Source-Line:libMVGigEVisionSDK.so(GigEVisionMsgChannel.cpp-L0319)     Description:Event thread start     Solution:
Info    2021-12-21 23:22:25  DevID:MV-CA016-10GC(00F49550054)  Source-Line:libMVGigEVisionSDK.so(GigEVisionManager.cpp-L3888)     Description:Get Local Mtu [1500]!     Solution:
Info    2021-12-21 23:22:25  DevID:MV-CA016-10GC(00F49550054)  Source-Line:libMVGigEVisionSDK.so(GigEVisionManager.cpp-L4014)     Description:Optimal PacketSize [1500]!     Solution:
Info    2021-12-21 23:22:25  DevID:MV-CA016-10GC(00F49550054)  Source-Line:libMVGigEVisionSDK.so(GigEVisionGVSP.cpp-L0651)     Description:GVSP GVSPThread Start, ThreadId[1464600320]     Solution:
Info    2021-12-21 23:22:25  DevID:MV-CA016-10GC(00F49550054)  Source-Line:libMVGigEVisionSDK.so(GigEVisionGVSP.cpp-L0736)     Description:GVSP GVSPResendThread Start, ThreadId[1456207616]     Solution:
Info    2021-12-21 23:22:25  DevID:MV-CA016-10GC(00F49550054)  Source-Line:libMVGigEVisionSDK.so(GigEVisionManager.cpp-L2907)     Description:GigE StreamInterEventThread Start, ThreadId[1447814912]     Solution:
Info    2021-12-21 23:22:25  DevID:MV-CA016-10GC(00F19179500)  Source-Line:libMVGigEVisionSDK.so(GigEVisionManager.cpp-L0201)     Description:Current dynamic library path[/opt/RVC/lib/externals/libMVGigEVisionSDK.so]     Solution:
Info    2021-12-21 23:22:25  DevID:MV-CA016-10GC(00F19179500)  Source-Line:libMVGigEVisionSDK.so(GigEVisionManager.cpp-L0204)     Description:GigE_Version: 3.2.0.3     Solution:
Info    2021-12-21 23:22:25  DevID:MV-CA016-10GC(00F19179500)  Source-Line:libMVGigEVisionSDK.so(GigEVisionManager.cpp-L0205)     Description:GigE_Description: BaseLine Build 20210715     Solution:
Warning 2021-12-21 23:22:25  DevID:MV-CA016-10GC(00F19179500)  Source-Line:libMVGigEVisionSDK.so(GigEVisionManager.cpp-L0289)     Description:Driver mode failed, DriverInstalled[0x80000002], DriverVersion[0x0]     Solution:
Info    2021-12-21 23:22:25  DevID:MV-CA016-10GC(00F19179500)  Source-Line:libMVGigEVisionSDK.so(GigEVisionManager.cpp-L0290)     Description:Socket mode start!     Solution:
Info    2021-12-21 23:22:25  DevID:MV-CA016-10GC(00F19179500)  Source-Line:libMVGigEVisionSDK.so(GigEVisionManager.cpp-L1332)     Description:Connecting device, hostIP[0xc0a8006c], hostPort[40555], devIP[0xc0a800ea]     Solution:
Info    2021-12-21 23:22:25  DevID:MV-CA016-10GC(00F19179500)  Source-Line:libMVGigEVisionSDK.so(GigEVisionMsgChannel.cpp-L0319)     Description:Event thread start     Solution:
Info    2021-12-21 23:22:25  DevID:MV-CA016-10GC(00F19179500)  Source-Line:libMVGigEVisionSDK.so(GigEVisionManager.cpp-L3888)     Description:Get Local Mtu [1500]!     Solution:
Info    2021-12-21 23:22:25  DevID:MV-CA016-10GC(00F19179500)  Source-Line:libMVGigEVisionSDK.so(GigEVisionManager.cpp-L4014)     Description:Optimal PacketSize [1500]!     Solution:
Info    2021-12-21 23:22:26  DevID:MV-CA016-10GC(00F19179500)  Source-Line:libMVGigEVisionSDK.so(GigEVisionGVSP.cpp-L0651)     Description:GVSP GVSPThread Start, ThreadId[676292352]     Solution:
Info    2021-12-21 23:22:26  DevID:MV-CA016-10GC(00F19179500)  Source-Line:libMVGigEVisionSDK.so(GigEVisionGVSP.cpp-L0736)     Description:GVSP GVSPResendThread Start, ThreadId[667899648]     Solution:
Info    2021-12-21 23:22:26  DevID:MV-CA016-10GC(00F19179500)  Source-Line:libMVGigEVisionSDK.so(GigEVisionManager.cpp-L2907)     Description:GigE StreamInterEventThread Start, ThreadId[659506944]     Solution:
Info    2021-12-21 23:22:26  DevID:MV-CA016-10GC(00F49550054)  Source-Line:libMVGigEVisionSDK.so(GigEVisionManager.cpp-L1477)     Description:Is Device Connected     Solution:
Info    2021-12-21 23:22:26  DevID:MV-CA016-10GC(00F19179500)  Source-Line:libMVGigEVisionSDK.so(GigEVisionManager.cpp-L1477)     Description:Is Device Connected     Solution:
Info    2021-12-21 23:22:30  DevID:MV-CA016-10GC(00F19179500)  Source-Line:libMVGigEVisionSDK.so(GigEVisionManager.cpp-L3115)     Description:GigE StreamInterEvent thread stop     Solution:
Info    2021-12-21 23:22:30  DevID:MV-CA016-10GC(00F19179500)  Source-Line:libMVGigEVisionSDK.so(GigEVisionGVSP.cpp-L0743)     Description:GVSP GVSPResendThread End, ThreadId[667899648]     Solution:
Info    2021-12-21 23:22:30  DevID:MV-CA016-10GC(00F19179500)  Source-Line:libMVGigEVisionSDK.so(GigEVisionGVSP.cpp-L0723)     Description:GVSP recv thread stop     Solution:
Info    2021-12-21 23:22:30  DevID:MV-CA016-10GC(00F19179500)  Source-Line:libMVGigEVisionSDK.so(GigEVisionGVSP.cpp-L0658)     Description:GVSP GVSPThread End, ThreadId[676292352]     Solution:
Info    2021-12-21 23:22:30  DevID:MV-CA016-10GC(00F19179500)  Source-Line:libMVGigEVisionSDK.so(GigEVisionManager.cpp-L2637)     Description:AppGetCount[26], AppGetCountSucceed[25], NetRecv[25], ThrowAbnormalImage[0], NetLostFrame[0], ThrowInBufList[0], LostPackets[0]     Solution:
Info    2021-12-21 23:22:30  DevID:MV-CA016-10GC(00F19179500)  Source-Line:libMVGigEVisionSDK.so(GigEVisionManager.cpp-L2637)     Description:AppGetCount[26], AppGetCountSucceed[25], NetRecv[25], ThrowAbnormalImage[0], NetLostFrame[0], ThrowInBufList[0], LostPackets[0]     Solution:
Info    2021-12-21 23:22:30  DevID:MV-CA016-10GC(00F19179500)  Source-Line:libMVGigEVisionSDK.so(GigEVisionManager.cpp-L5439)     Description:TransmissionType[0x0], nRet[0x0], GvspSendIp[0xc0a8006c], GvspSendPort[40555], HostIp[0xc0a8006c], HostPort[40555]     Solution:
Info    2021-12-21 23:22:30  DevID:MV-CA016-10GC(00F19179500)  Source-Line:libMVGigEVisionSDK.so(GigEVisionManager.cpp-L1415)     Description:Disconnect device     Solution:
Info    2021-12-21 23:22:30  DevID:MV-CA016-10GC(00F19179500)  Source-Line:libMVGigEVisionSDK.so(GigEVisionManager.cpp-L2637)     Description:AppGetCount[26], AppGetCountSucceed[25], NetRecv[25], ThrowAbnormalImage[0], NetLostFrame[0], ThrowInBufList[0], LostPackets[0]     Solution:
Info    2021-12-21 23:22:30  DevID:MV-CA016-10GC(00F19179500)  Source-Line:libMVGigEVisionSDK.so(GigEVisionMsgChannel.cpp-L0502)     Description:Event thread stop     Solution:
Info    2021-12-21 23:22:30  DevID:MV-CA016-10GC(00F19179500)  Source-Line:libMVGigEVisionSDK.so(GigEVisionGVSP.cpp-L0839)     Description:NearBID[0], LastBID[0], output[0]     Solution:
Info    2021-12-21 23:22:30  DevID:MV-CA016-10GC(00F19179500)  Source-Line:libMVGigEVisionSDK.so(GigEVisionManager.cpp-L5439)     Description:TransmissionType[0x0], nRet[0x80000003], GvspSendIp[0xc0a8006c], GvspSendPort[40555], HostIp[0xc0a8006c], HostPort[40555]     Solution:
Info    2021-12-21 23:22:30  DevID:MV-CA016-10GC(00F19179500)  Source-Line:libMVGigEVisionSDK.so(GigEVisionManager.cpp-L1415)     Description:Disconnect device     Solution:
Info    2021-12-21 23:23:26  DevID:MV-CA016-10GC(00F49550054)  Source-Line:libMVGigEVisionSDK.so(GigEVisionManager.cpp-L0201)     Description:Current dynamic library path[/opt/RVC/lib/externals/libMVGigEVisionSDK.so]     Solution:
Info    2021-12-21 23:23:26  DevID:MV-CA016-10GC(00F49550054)  Source-Line:libMVGigEVisionSDK.so(GigEVisionManager.cpp-L0204)     Description:GigE_Version: 3.2.0.3     Solution:
Info    2021-12-21 23:23:26  DevID:MV-CA016-10GC(00F49550054)  Source-Line:libMVGigEVisionSDK.so(GigEVisionManager.cpp-L0205)     Description:GigE_Description: BaseLine Build 20210715     Solution:
Warning 2021-12-21 23:23:26  DevID:MV-CA016-10GC(00F49550054)  Source-Line:libMVGigEVisionSDK.so(GigEVisionManager.cpp-L0289)     Description:Driver mode failed, DriverInstalled[0x80000002], DriverVersion[0x0]     Solution:
Info    2021-12-21 23:23:26  DevID:MV-CA016-10GC(00F49550054)  Source-Line:libMVGigEVisionSDK.so(GigEVisionManager.cpp-L0290)     Description:Socket mode start!     Solution:
Info    2021-12-21 23:23:26  DevID:MV-CA016-10GC(00F49550054)  Source-Line:libMVGigEVisionSDK.so(GigEVisionManager.cpp-L1332)     Description:Connecting device, hostIP[0xc0a8006c], hostPort[40191], devIP[0xc0a800eb]     Solution:
Info    2021-12-21 23:23:26  DevID:MV-CA016-10GC(00F49550054)  Source-Line:libMVGigEVisionSDK.so(GigEVisionMsgChannel.cpp-L0319)     Description:Event thread start     Solution:
Info    2021-12-21 23:23:27  DevID:MV-CA016-10GC(00F49550054)  Source-Line:libMVGigEVisionSDK.so(GigEVisionManager.cpp-L3888)     Description:Get Local Mtu [1500]!     Solution:
Info    2021-12-21 23:23:27  DevID:MV-CA016-10GC(00F49550054)  Source-Line:libMVGigEVisionSDK.so(GigEVisionManager.cpp-L4014)     Description:Optimal PacketSize [1500]!     Solution:
Info    2021-12-21 23:23:27  DevID:MV-CA016-10GC(00F49550054)  Source-Line:libMVGigEVisionSDK.so(GigEVisionGVSP.cpp-L0651)     Description:GVSP GVSPThread Start, ThreadId[844842752]     Solution:
Info    2021-12-21 23:23:27  DevID:MV-CA016-10GC(00F49550054)  Source-Line:libMVGigEVisionSDK.so(GigEVisionGVSP.cpp-L0736)     Description:GVSP GVSPResendThread Start, ThreadId[836450048]     Solution:
Info    2021-12-21 23:23:27  DevID:MV-CA016-10GC(00F49550054)  Source-Line:libMVGigEVisionSDK.so(GigEVisionManager.cpp-L2907)     Description:GigE StreamInterEventThread Start, ThreadId[828057344]     Solution:
Info    2021-12-21 23:23:27  DevID:MV-CA016-10GC(00F19179500)  Source-Line:libMVGigEVisionSDK.so(GigEVisionManager.cpp-L0201)     Description:Current dynamic library path[/opt/RVC/lib/externals/libMVGigEVisionSDK.so]     Solution:
Info    2021-12-21 23:23:27  DevID:MV-CA016-10GC(00F19179500)  Source-Line:libMVGigEVisionSDK.so(GigEVisionManager.cpp-L0204)     Description:GigE_Version: 3.2.0.3     Solution:
Info    2021-12-21 23:23:27  DevID:MV-CA016-10GC(00F19179500)  Source-Line:libMVGigEVisionSDK.so(GigEVisionManager.cpp-L0205)     Description:GigE_Description: BaseLine Build 20210715     Solution:
Warning 2021-12-21 23:23:27  DevID:MV-CA016-10GC(00F19179500)  Source-Line:libMVGigEVisionSDK.so(GigEVisionManager.cpp-L0289)     Description:Driver mode failed, DriverInstalled[0x80000002], DriverVersion[0x0]     Solution:
Info    2021-12-21 23:23:27  DevID:MV-CA016-10GC(00F19179500)  Source-Line:libMVGigEVisionSDK.so(GigEVisionManager.cpp-L0290)     Description:Socket mode start!     Solution:
Info    2021-12-21 23:23:27  DevID:MV-CA016-10GC(00F19179500)  Source-Line:libMVGigEVisionSDK.so(GigEVisionManager.cpp-L1332)     Description:Connecting device, hostIP[0xc0a8006c], hostPort[49473], devIP[0xc0a800ea]     Solution:
Info    2021-12-21 23:23:27  DevID:MV-CA016-10GC(00F19179500)  Source-Line:libMVGigEVisionSDK.so(GigEVisionMsgChannel.cpp-L0319)     Description:Event thread start     Solution:
Info    2021-12-21 23:23:27  DevID:MV-CA016-10GC(00F19179500)  Source-Line:libMVGigEVisionSDK.so(GigEVisionManager.cpp-L3888)     Description:Get Local Mtu [1500]!     Solution:
Info    2021-12-21 23:23:27  DevID:MV-CA016-10GC(00F19179500)  Source-Line:libMVGigEVisionSDK.so(GigEVisionManager.cpp-L4014)     Description:Optimal PacketSize [1500]!     Solution:
Info    2021-12-21 23:23:27  DevID:MV-CA016-10GC(00F19179500)  Source-Line:libMVGigEVisionSDK.so(GigEVisionGVSP.cpp-L0651)     Description:GVSP GVSPThread Start, ThreadId[52020992]     Solution:
Info    2021-12-21 23:23:27  DevID:MV-CA016-10GC(00F19179500)  Source-Line:libMVGigEVisionSDK.so(GigEVisionManager.cpp-L2907)     Description:GigE StreamInterEventThread Start, ThreadId[35235584]     Solution:
Info    2021-12-21 23:23:27  DevID:MV-CA016-10GC(00F19179500)  Source-Line:libMVGigEVisionSDK.so(GigEVisionGVSP.cpp-L0736)     Description:GVSP GVSPResendThread Start, ThreadId[43628288]     Solution:
Info    2021-12-21 23:23:28  DevID:MV-CA016-10GC(00F49550054)  Source-Line:libMVGigEVisionSDK.so(GigEVisionManager.cpp-L1477)     Description:Is Device Connected     Solution:
Info    2021-12-21 23:23:28  DevID:MV-CA016-10GC(00F19179500)  Source-Line:libMVGigEVisionSDK.so(GigEVisionManager.cpp-L1477)     Description:Is Device Connected     Solution:
Info    2021-12-21 23:23:31  DevID:MV-CA016-10GC(00F19179500)  Source-Line:libMVGigEVisionSDK.so(GigEVisionManager.cpp-L3115)     Description:GigE StreamInterEvent thread stop     Solution:
Info    2021-12-21 23:23:31  DevID:MV-CA016-10GC(00F19179500)  Source-Line:libMVGigEVisionSDK.so(GigEVisionGVSP.cpp-L0743)     Description:GVSP GVSPResendThread End, ThreadId[43628288]     Solution:
Info    2021-12-21 23:23:31  DevID:MV-CA016-10GC(00F19179500)  Source-Line:libMVGigEVisionSDK.so(GigEVisionGVSP.cpp-L0723)     Description:GVSP recv thread stop     Solution:
Info    2021-12-21 23:23:31  DevID:MV-CA016-10GC(00F19179500)  Source-Line:libMVGigEVisionSDK.so(GigEVisionGVSP.cpp-L0658)     Description:GVSP GVSPThread End, ThreadId[52020992]     Solution:
Info    2021-12-21 23:23:31  DevID:MV-CA016-10GC(00F19179500)  Source-Line:libMVGigEVisionSDK.so(GigEVisionManager.cpp-L2637)     Description:AppGetCount[26], AppGetCountSucceed[25], NetRecv[25], ThrowAbnormalImage[0], NetLostFrame[0], ThrowInBufList[0], LostPackets[0]     Solution:
Info    2021-12-21 23:23:32  DevID:MV-CA016-10GC(00F19179500)  Source-Line:libMVGigEVisionSDK.so(GigEVisionManager.cpp-L2637)     Description:AppGetCount[26], AppGetCountSucceed[25], NetRecv[25], ThrowAbnormalImage[0], NetLostFrame[0], ThrowInBufList[0], LostPackets[0]     Solution:
Info    2021-12-21 23:23:32  DevID:MV-CA016-10GC(00F19179500)  Source-Line:libMVGigEVisionSDK.so(GigEVisionManager.cpp-L5439)     Description:TransmissionType[0x0], nRet[0x0], GvspSendIp[0xc0a8006c], GvspSendPort[49473], HostIp[0xc0a8006c], HostPort[49473]     Solution:
Info    2021-12-21 23:23:32  DevID:MV-CA016-10GC(00F19179500)  Source-Line:libMVGigEVisionSDK.so(GigEVisionManager.cpp-L1415)     Description:Disconnect device     Solution:
Info    2021-12-21 23:23:32  DevID:MV-CA016-10GC(00F19179500)  Source-Line:libMVGigEVisionSDK.so(GigEVisionManager.cpp-L2637)     Description:AppGetCount[26], AppGetCountSucceed[25], NetRecv[25], ThrowAbnormalImage[0], NetLostFrame[0], ThrowInBufList[0], LostPackets[0]     Solution:
Info    2021-12-21 23:23:32  DevID:MV-CA016-10GC(00F19179500)  Source-Line:libMVGigEVisionSDK.so(GigEVisionMsgChannel.cpp-L0502)     Description:Event thread stop     Solution:
Info    2021-12-21 23:23:32  DevID:MV-CA016-10GC(00F19179500)  Source-Line:libMVGigEVisionSDK.so(GigEVisionGVSP.cpp-L0839)     Description:NearBID[0], LastBID[0], output[0]     Solution:
Info    2021-12-21 23:23:32  DevID:MV-CA016-10GC(00F19179500)  Source-Line:libMVGigEVisionSDK.so(GigEVisionManager.cpp-L5439)     Description:TransmissionType[0x0], nRet[0x80000003], GvspSendIp[0xc0a8006c], GvspSendPort[49473], HostIp[0xc0a8006c], HostPort[49473]     Solution:
Info    2021-12-21 23:23:32  DevID:MV-CA016-10GC(00F19179500)  Source-Line:libMVGigEVisionSDK.so(GigEVisionManager.cpp-L1415)     Description:Disconnect device     Solution:
Info    2021-12-21 23:23:33  DevID:MV-CA016-10GC(00F49550054)  Source-Line:libMVGigEVisionSDK.so(GigEVisionManager.cpp-L3115)     Description:GigE StreamInterEvent thread stop     Solution:
Info    2021-12-21 23:23:33  DevID:MV-CA016-10GC(00F49550054)  Source-Line:libMVGigEVisionSDK.so(GigEVisionGVSP.cpp-L0743)     Description:GVSP GVSPResendThread End, ThreadId[836450048]     Solution:
Info    2021-12-21 23:23:33  DevID:MV-CA016-10GC(00F49550054)  Source-Line:libMVGigEVisionSDK.so(GigEVisionGVSP.cpp-L0723)     Description:GVSP recv thread stop     Solution:
Info    2021-12-21 23:23:33  DevID:MV-CA016-10GC(00F49550054)  Source-Line:libMVGigEVisionSDK.so(GigEVisionGVSP.cpp-L0658)     Description:GVSP GVSPThread End, ThreadId[844842752]     Solution:
Info    2021-12-21 23:23:33  DevID:MV-CA016-10GC(00F49550054)  Source-Line:libMVGigEVisionSDK.so(GigEVisionManager.cpp-L2637)     Description:AppGetCount[27], AppGetCountSucceed[25], NetRecv[25], ThrowAbnormalImage[0], NetLostFrame[0], ThrowInBufList[0], LostPackets[0]     Solution:
Info    2021-12-21 23:23:33  DevID:MV-CA016-10GC(00F49550054)  Source-Line:libMVGigEVisionSDK.so(GigEVisionManager.cpp-L2637)     Description:AppGetCount[27], AppGetCountSucceed[25], NetRecv[25], ThrowAbnormalImage[0], NetLostFrame[0], ThrowInBufList[0], LostPackets[0]     Solution:
Info    2021-12-21 23:23:33  DevID:MV-CA016-10GC(00F49550054)  Source-Line:libMVGigEVisionSDK.so(GigEVisionManager.cpp-L5439)     Description:TransmissionType[0x0], nRet[0x0], GvspSendIp[0xc0a8006c], GvspSendPort[40191], HostIp[0xc0a8006c], HostPort[40191]     Solution:
Info    2021-12-21 23:23:33  DevID:MV-CA016-10GC(00F49550054)  Source-Line:libMVGigEVisionSDK.so(GigEVisionManager.cpp-L1415)     Description:Disconnect device     Solution:
Info    2021-12-21 23:23:33  DevID:MV-CA016-10GC(00F49550054)  Source-Line:libMVGigEVisionSDK.so(GigEVisionManager.cpp-L2637)     Description:AppGetCount[27], AppGetCountSucceed[25], NetRecv[25], ThrowAbnormalImage[0], NetLostFrame[0], ThrowInBufList[0], LostPackets[0]     Solution:
Info    2021-12-21 23:23:33  DevID:MV-CA016-10GC(00F49550054)  Source-Line:libMVGigEVisionSDK.so(GigEVisionMsgChannel.cpp-L0502)     Description:Event thread stop     Solution:
Info    2021-12-21 23:29:33  DevID:MV-CA016-10GC(00F49550054)  Source-Line:libMVGigEVisionSDK.so(GigEVisionManager.cpp-L0201)     Description:Current dynamic library path[/opt/RVC/lib/externals/libMVGigEVisionSDK.so]     Solution:
Info    2021-12-21 23:29:33  DevID:MV-CA016-10GC(00F49550054)  Source-Line:libMVGigEVisionSDK.so(GigEVisionManager.cpp-L0204)     Description:GigE_Version: 3.2.0.3     Solution:
Info    2021-12-21 23:29:33  DevID:MV-CA016-10GC(00F49550054)  Source-Line:libMVGigEVisionSDK.so(GigEVisionManager.cpp-L0205)     Description:GigE_Description: BaseLine Build 20210715     Solution:
Warning 2021-12-21 23:29:33  DevID:MV-CA016-10GC(00F49550054)  Source-Line:libMVGigEVisionSDK.so(GigEVisionManager.cpp-L0289)     Description:Driver mode failed, DriverInstalled[0x80000002], DriverVersion[0x0]     Solution:
Info    2021-12-21 23:29:33  DevID:MV-CA016-10GC(00F49550054)  Source-Line:libMVGigEVisionSDK.so(GigEVisionManager.cpp-L0290)     Description:Socket mode start!     Solution:
Info    2021-12-21 23:29:33  DevID:MV-CA016-10GC(00F49550054)  Source-Line:libMVGigEVisionSDK.so(GigEVisionManager.cpp-L1332)     Description:Connecting device, hostIP[0xc0a8006c], hostPort[33053], devIP[0xc0a800eb]     Solution:
Error   2021-12-21 23:29:34  DevID:MV-CA016-10GC(00F49550054)  Source-Line:libMVGigEVisionSDK.so(GigEVisionGVCP.cpp-L1809)     Description:GVCP UDP_ReadnTimeout RequestTimeOut[500000], Len[0]!     Solution:
Error   2021-12-21 23:29:34  DevID:MV-CA016-10GC(00F49550054)  Source-Line:libMVGigEVisionSDK.so(GigEVisionManager.cpp-L1397)     Description:GVCP_GetAccessPrivilege [1][0x80000206]     Solution:
Error   2021-12-21 23:29:34  DevID:MV-CA016-10GC(00F49550054)  Source-Line:libMVGigEVisionSDK.so(GigEVisionManager.cpp-L1237)     Description:Connect device failed! [0x80000206]     Solution:
Info    2021-12-21 23:29:34  DevID:MV-CA016-10GC(00F49550054)  Source-Line:libMVGigEVisionSDK.so(GigEVisionManager.cpp-L5439)     Description:TransmissionType[0x0], nRet[0x0], GvspSendIp[0xc0a8006c], GvspSendPort[33053], HostIp[0xc0a8006c], HostPort[33053]     Solution:
Info    2021-12-21 23:29:34  DevID:MV-CA016-10GC(00F49550054)  Source-Line:libMVGigEVisionSDK.so(GigEVisionManager.cpp-L1415)     Description:Disconnect device     Solution:
Info    2021-12-21 23:29:45  DevID:MV-CA016-10GC(00F49550054)  Source-Line:libMVGigEVisionSDK.so(GigEVisionManager.cpp-L0201)     Description:Current dynamic library path[/opt/RVC/lib/externals/libMVGigEVisionSDK.so]     Solution:
Info    2021-12-21 23:29:45  DevID:MV-CA016-10GC(00F49550054)  Source-Line:libMVGigEVisionSDK.so(GigEVisionManager.cpp-L0204)     Description:GigE_Version: 3.2.0.3     Solution:
Info    2021-12-21 23:29:45  DevID:MV-CA016-10GC(00F49550054)  Source-Line:libMVGigEVisionSDK.so(GigEVisionManager.cpp-L0205)     Description:GigE_Description: BaseLine Build 20210715     Solution:
Warning 2021-12-21 23:29:45  DevID:MV-CA016-10GC(00F49550054)  Source-Line:libMVGigEVisionSDK.so(GigEVisionManager.cpp-L0289)     Description:Driver mode failed, DriverInstalled[0x80000002], DriverVersion[0x0]     Solution:
Info    2021-12-21 23:29:45  DevID:MV-CA016-10GC(00F49550054)  Source-Line:libMVGigEVisionSDK.so(GigEVisionManager.cpp-L0290)     Description:Socket mode start!     Solution:
Info    2021-12-21 23:29:45  DevID:MV-CA016-10GC(00F49550054)  Source-Line:libMVGigEVisionSDK.so(GigEVisionManager.cpp-L1332)     Description:Connecting device, hostIP[0xc0a8006c], hostPort[38933], devIP[0xc0a800eb]     Solution:
Info    2021-12-21 23:29:45  DevID:MV-CA016-10GC(00F49550054)  Source-Line:libMVGigEVisionSDK.so(GigEVisionMsgChannel.cpp-L0319)     Description:Event thread start     Solution:
Info    2021-12-21 23:29:46  DevID:MV-CA016-10GC(00F49550054)  Source-Line:libMVGigEVisionSDK.so(GigEVisionManager.cpp-L3888)     Description:Get Local Mtu [1500]!     Solution:
Info    2021-12-21 23:29:46  DevID:MV-CA016-10GC(00F49550054)  Source-Line:libMVGigEVisionSDK.so(GigEVisionManager.cpp-L4014)     Description:Optimal PacketSize [1500]!     Solution:
Info    2021-12-21 23:29:46  DevID:MV-CA016-10GC(00F49550054)  Source-Line:libMVGigEVisionSDK.so(GigEVisionGVSP.cpp-L0651)     Description:GVSP GVSPThread Start, ThreadId[-1837951232]     Solution:
Info    2021-12-21 23:29:46  DevID:MV-CA016-10GC(00F49550054)  Source-Line:libMVGigEVisionSDK.so(GigEVisionGVSP.cpp-L0736)     Description:GVSP GVSPResendThread Start, ThreadId[-1846343936]     Solution:
Info    2021-12-21 23:29:46  DevID:MV-CA016-10GC(00F49550054)  Source-Line:libMVGigEVisionSDK.so(GigEVisionManager.cpp-L2907)     Description:GigE StreamInterEventThread Start, ThreadId[-1854736640]     Solution:
Info    2021-12-21 23:29:46  DevID:MV-CA016-10GC(00F19179500)  Source-Line:libMVGigEVisionSDK.so(GigEVisionManager.cpp-L0201)     Description:Current dynamic library path[/opt/RVC/lib/externals/libMVGigEVisionSDK.so]     Solution:
Info    2021-12-21 23:29:46  DevID:MV-CA016-10GC(00F19179500)  Source-Line:libMVGigEVisionSDK.so(GigEVisionManager.cpp-L0204)     Description:GigE_Version: 3.2.0.3     Solution:
Info    2021-12-21 23:29:46  DevID:MV-CA016-10GC(00F19179500)  Source-Line:libMVGigEVisionSDK.so(GigEVisionManager.cpp-L0205)     Description:GigE_Description: BaseLine Build 20210715     Solution:
Warning 2021-12-21 23:29:46  DevID:MV-CA016-10GC(00F19179500)  Source-Line:libMVGigEVisionSDK.so(GigEVisionManager.cpp-L0289)     Description:Driver mode failed, DriverInstalled[0x80000002], DriverVersion[0x0]     Solution:
Info    2021-12-21 23:29:46  DevID:MV-CA016-10GC(00F19179500)  Source-Line:libMVGigEVisionSDK.so(GigEVisionManager.cpp-L0290)     Description:Socket mode start!     Solution:
Info    2021-12-21 23:29:46  DevID:MV-CA016-10GC(00F19179500)  Source-Line:libMVGigEVisionSDK.so(GigEVisionManager.cpp-L1332)     Description:Connecting device, hostIP[0xc0a8006c], hostPort[46412], devIP[0xc0a800ea]     Solution:
Info    2021-12-21 23:29:46  DevID:MV-CA016-10GC(00F19179500)  Source-Line:libMVGigEVisionSDK.so(GigEVisionMsgChannel.cpp-L0319)     Description:Event thread start     Solution:
Info    2021-12-21 23:29:47  DevID:MV-CA016-10GC(00F19179500)  Source-Line:libMVGigEVisionSDK.so(GigEVisionManager.cpp-L3888)     Description:Get Local Mtu [1500]!     Solution:
Info    2021-12-21 23:29:47  DevID:MV-CA016-10GC(00F19179500)  Source-Line:libMVGigEVisionSDK.so(GigEVisionManager.cpp-L4014)     Description:Optimal PacketSize [1500]!     Solution:
Info    2021-12-21 23:29:47  DevID:MV-CA016-10GC(00F19179500)  Source-Line:libMVGigEVisionSDK.so(GigEVisionGVSP.cpp-L0651)     Description:GVSP GVSPThread Start, ThreadId[1662633728]     Solution:
Info    2021-12-21 23:29:47  DevID:MV-CA016-10GC(00F19179500)  Source-Line:libMVGigEVisionSDK.so(GigEVisionGVSP.cpp-L0736)     Description:GVSP GVSPResendThread Start, ThreadId[1654241024]     Solution:
Info    2021-12-21 23:29:47  DevID:MV-CA016-10GC(00F19179500)  Source-Line:libMVGigEVisionSDK.so(GigEVisionManager.cpp-L2907)     Description:GigE StreamInterEventThread Start, ThreadId[1645848320]     Solution:
Info    2021-12-21 23:29:48  DevID:MV-CA016-10GC(00F49550054)  Source-Line:libMVGigEVisionSDK.so(GigEVisionManager.cpp-L1477)     Description:Is Device Connected     Solution:
Info    2021-12-21 23:29:48  DevID:MV-CA016-10GC(00F19179500)  Source-Line:libMVGigEVisionSDK.so(GigEVisionManager.cpp-L1477)     Description:Is Device Connected     Solution:
Info    2021-12-21 23:30:35  DevID:MV-CA016-10GC(00F49550054)  Source-Line:libMVGigEVisionSDK.so(GigEVisionManager.cpp-L3115)     Description:GigE StreamInterEvent thread stop     Solution:
Info    2021-12-21 23:30:35  DevID:MV-CA016-10GC(00F49550054)  Source-Line:libMVGigEVisionSDK.so(GigEVisionGVSP.cpp-L0743)     Description:GVSP GVSPResendThread End, ThreadId[-1846343936]     Solution:
Info    2021-12-21 23:30:35  DevID:MV-CA016-10GC(00F49550054)  Source-Line:libMVGigEVisionSDK.so(GigEVisionGVSP.cpp-L0723)     Description:GVSP recv thread stop     Solution:
Info    2021-12-21 23:30:35  DevID:MV-CA016-10GC(00F49550054)  Source-Line:libMVGigEVisionSDK.so(GigEVisionGVSP.cpp-L0658)     Description:GVSP GVSPThread End, ThreadId[-1837951232]     Solution:
Info    2021-12-21 23:30:35  DevID:MV-CA016-10GC(00F49550054)  Source-Line:libMVGigEVisionSDK.so(GigEVisionManager.cpp-L2637)     Description:AppGetCount[48], AppGetCountSucceed[25], NetRecv[25], ThrowAbnormalImage[0], NetLostFrame[0], ThrowInBufList[0], LostPackets[0]     Solution:
Info    2021-12-21 23:30:35  DevID:MV-CA016-10GC(00F49550054)  Source-Line:libMVGigEVisionSDK.so(GigEVisionManager.cpp-L2637)     Description:AppGetCount[48], AppGetCountSucceed[25], NetRecv[25], ThrowAbnormalImage[0], NetLostFrame[0], ThrowInBufList[0], LostPackets[0]     Solution:
Info    2021-12-21 23:30:35  DevID:MV-CA016-10GC(00F49550054)  Source-Line:libMVGigEVisionSDK.so(GigEVisionManager.cpp-L5439)     Description:TransmissionType[0x0], nRet[0x0], GvspSendIp[0xc0a8006c], GvspSendPort[38933], HostIp[0xc0a8006c], HostPort[38933]     Solution:
Info    2021-12-21 23:30:35  DevID:MV-CA016-10GC(00F49550054)  Source-Line:libMVGigEVisionSDK.so(GigEVisionManager.cpp-L1415)     Description:Disconnect device     Solution:
Info    2021-12-21 23:30:35  DevID:MV-CA016-10GC(00F49550054)  Source-Line:libMVGigEVisionSDK.so(GigEVisionManager.cpp-L2637)     Description:AppGetCount[48], AppGetCountSucceed[25], NetRecv[25], ThrowAbnormalImage[0], NetLostFrame[0], ThrowInBufList[0], LostPackets[0]     Solution:
Info    2021-12-21 23:30:35  DevID:MV-CA016-10GC(00F49550054)  Source-Line:libMVGigEVisionSDK.so(GigEVisionMsgChannel.cpp-L0502)     Description:Event thread stop     Solution:
Info    2021-12-21 23:30:36  DevID:MV-CA016-10GC(00F49550054)  Source-Line:libMVGigEVisionSDK.so(GigEVisionGVSP.cpp-L0839)     Description:NearBID[0], LastBID[0], output[0]     Solution:
Info    2021-12-21 23:30:36  DevID:MV-CA016-10GC(00F49550054)  Source-Line:libMVGigEVisionSDK.so(GigEVisionManager.cpp-L5439)     Description:TransmissionType[0x0], nRet[0x80000003], GvspSendIp[0xc0a8006c], GvspSendPort[38933], HostIp[0xc0a8006c], HostPort[38933]     Solution:
Info    2021-12-21 23:30:36  DevID:MV-CA016-10GC(00F49550054)  Source-Line:libMVGigEVisionSDK.so(GigEVisionManager.cpp-L1415)     Description:Disconnect device     Solution:
Info    2021-12-21 23:30:37  DevID:MV-CA016-10GC(00F19179500)  Source-Line:libMVGigEVisionSDK.so(GigEVisionManager.cpp-L3115)     Description:GigE StreamInterEvent thread stop     Solution:
Info    2021-12-21 23:30:37  DevID:MV-CA016-10GC(00F19179500)  Source-Line:libMVGigEVisionSDK.so(GigEVisionGVSP.cpp-L0723)     Description:GVSP recv thread stop     Solution:
Info    2021-12-21 23:30:37  DevID:MV-CA016-10GC(00F19179500)  Source-Line:libMVGigEVisionSDK.so(GigEVisionGVSP.cpp-L0658)     Description:GVSP GVSPThread End, ThreadId[1662633728]     Solution:
Warning 2021-12-21 23:30:37  DevID:MV-CA016-10GC(00F19179500)  Source-Line:libMVGigEVisionSDK.so(GigEVisionGVSP.cpp-L0771)     Description:MV_WaitForSingleEvent(Timer) failed: 110     Solution:
Info    2021-12-21 23:30:37  DevID:MV-CA016-10GC(00F19179500)  Source-Line:libMVGigEVisionSDK.so(GigEVisionGVSP.cpp-L0743)     Description:GVSP GVSPResendThread End, ThreadId[1654241024]     Solution:
Info    2021-12-21 23:30:37  DevID:MV-CA016-10GC(00F19179500)  Source-Line:libMVGigEVisionSDK.so(GigEVisionManager.cpp-L2637)     Description:AppGetCount[49], AppGetCountSucceed[25], NetRecv[25], ThrowAbnormalImage[0], NetLostFrame[0], ThrowInBufList[0], LostPackets[0]     Solution:
Info    2021-12-21 23:30:37  DevID:MV-CA016-10GC(00F19179500)  Source-Line:libMVGigEVisionSDK.so(GigEVisionManager.cpp-L2637)     Description:AppGetCount[49], AppGetCountSucceed[25], NetRecv[25], ThrowAbnormalImage[0], NetLostFrame[0], ThrowInBufList[0], LostPackets[0]     Solution:
Info    2021-12-21 23:30:37  DevID:MV-CA016-10GC(00F19179500)  Source-Line:libMVGigEVisionSDK.so(GigEVisionManager.cpp-L5439)     Description:TransmissionType[0x0], nRet[0x0], GvspSendIp[0xc0a8006c], GvspSendPort[46412], HostIp[0xc0a8006c], HostPort[46412]     Solution:
Info    2021-12-21 23:30:37  DevID:MV-CA016-10GC(00F19179500)  Source-Line:libMVGigEVisionSDK.so(GigEVisionManager.cpp-L1415)     Description:Disconnect device     Solution:
Info    2021-12-21 23:30:37  DevID:MV-CA016-10GC(00F19179500)  Source-Line:libMVGigEVisionSDK.so(GigEVisionManager.cpp-L2637)     Description:AppGetCount[49], AppGetCountSucceed[25], NetRecv[25], ThrowAbnormalImage[0], NetLostFrame[0], ThrowInBufList[0], LostPackets[0]     Solution:
Info    2021-12-21 23:30:37  DevID:MV-CA016-10GC(00F19179500)  Source-Line:libMVGigEVisionSDK.so(GigEVisionMsgChannel.cpp-L0502)     Description:Event thread stop     Solution:
Info    2021-12-21 23:30:37  DevID:MV-CA016-10GC(00F19179500)  Source-Line:libMVGigEVisionSDK.so(GigEVisionGVSP.cpp-L0839)     Description:NearBID[0], LastBID[0], output[0]     Solution:
